[06.06.18 10:53:55] INFO: Network Config: ipconfig.xml doesn't exists using automatic configuration...
[06.06.18 10:53:56] INFO: Network Config: Adding new subnet: 127.0.0.0/8 address: 127.0.0.1
[06.06.18 10:53:56] INFO: Network Config: Adding new subnet: 192.168.50.0/24 address: 192.168.50.65
[06.06.18 10:53:56] INFO: Network Config: Adding new subnet: 0.0.0.0/0 address: 201.0.120.104
[06.06.18 10:53:56] WARN: Could not load HexID file (./config/hexid/hexid.txt). Hopefully login will give us one.
[06.06.18 10:53:56] INFO: Loaded 6 Filter Words.
[06.06.18 10:53:57] INFO: Sunrise Configs Loaded...
[06.06.18 10:53:57] INFO: Updated characters online status.
[06.06.18 10:53:57] INFO: Cleaned up invalid Weddings.
[06.06.18 10:53:57] INFO: Cleaned 0 elements from database in 0 s
[06.06.18 10:53:57] INFO: Cleaned 0 expired timestamps from database.
[06.06.18 10:53:57] INFO: BitSetIDFactory: 102912 id's available.
[06.06.18 10:53:57] INFO: -------------------------------------------------=[ Engines ]
[06.06.18 10:53:58] INFO: Script Engine: Oracle Nashorn 1.8.0_171 - Language: ECMAScript - Language Version: ECMA - 262 Edition 5.1
[06.06.18 10:54:04] INFO: Script Engine: jython 2.2.1 - Language: python - Language Version: 2.2.1
[06.06.18 10:54:04] INFO: Script Engine: java 1.8 - Language: java - Language Version: 1.8
[06.06.18 10:54:04] INFO: -------------------------------------------------=[ Geodata ]
[06.06.18 10:54:04] INFO: ---------------------------------------------------=[ World ]
[06.06.18 10:54:04] INFO: GameTimeController: Started.
[06.06.18 10:54:04] INFO: InstanceManager: Multiverse Instance created.
[06.06.18 10:54:04] INFO: InstanceManager: Universe Instance created.
[06.06.18 10:54:04] INFO: InstanceManager: Loaded 160 instance names.
[06.06.18 10:54:04] INFO: L2World: (128 by 136) World Region Grid set up.
[06.06.18 10:54:05] INFO: MapRegionManager: Loaded 57 map regions.
[06.06.18 10:54:05] INFO: GlobalVariablesManager: Loaded 0 variables.
[06.06.18 10:54:05] INFO: ----------------------------------------------------=[ Data ]
[06.06.18 10:54:05] INFO: CategoryData: Loaded 124 Categories.
[06.06.18 10:54:05] INFO: SecondaryAuthData: Loaded 328 forbidden passwords.
[06.06.18 10:54:05] INFO: -------------------------------------------------=[ Effects ]
[06.06.18 10:54:10] INFO: Network Config: ipconfig.xml doesn't exists using automatic configuration...
[06.06.18 10:54:11] INFO: Network Config: Adding new subnet: 127.0.0.0/8 address: 127.0.0.1
[06.06.18 10:54:15] INFO: Network Config: Adding new subnet: 192.168.50.0/24 address: 192.168.50.65
[06.06.18 10:54:16] INFO: Network Config: Adding new subnet: 0.0.0.0/0 address: 201.0.120.104
[06.06.18 10:54:16] WARN: Could not load HexID file (./config/hexid/hexid.txt). Hopefully login will give us one.
[06.06.18 10:54:16] INFO: Loaded 6 Filter Words.
[06.06.18 10:54:16] INFO: Sunrise Configs Loaded...
[06.06.18 10:54:16] INFO: Updated characters online status.
[06.06.18 10:54:16] INFO: Cleaned up invalid Weddings.
[06.06.18 10:54:16] INFO: Cleaned 0 elements from database in 0 s
[06.06.18 10:54:16] INFO: Cleaned 0 expired timestamps from database.
[06.06.18 10:54:16] INFO: BitSetIDFactory: 102912 id's available.
[06.06.18 10:54:16] INFO: -------------------------------------------------=[ Engines ]
[06.06.18 10:54:16] INFO: Script Engine: Oracle Nashorn 1.8.0_171 - Language: ECMAScript - Language Version: ECMA - 262 Edition 5.1
[06.06.18 10:54:17] INFO: Script Engine: jython 2.2.1 - Language: python - Language Version: 2.2.1
[06.06.18 10:54:20] INFO: Script Engine: java 1.8 - Language: java - Language Version: 1.8
[06.06.18 10:54:20] INFO: -------------------------------------------------=[ Geodata ]
[06.06.18 10:54:20] INFO: ---------------------------------------------------=[ World ]
[06.06.18 10:54:20] INFO: GameTimeController: Started.
[06.06.18 10:54:20] INFO: InstanceManager: Multiverse Instance created.
[06.06.18 10:54:20] INFO: InstanceManager: Universe Instance created.
[06.06.18 10:54:20] INFO: InstanceManager: Loaded 160 instance names.
[06.06.18 10:54:20] INFO: L2World: (128 by 136) World Region Grid set up.
[06.06.18 10:54:20] INFO: MapRegionManager: Loaded 57 map regions.
[06.06.18 10:54:54] INFO: Network Config: ipconfig.xml doesn't exists using automatic configuration...
[06.06.18 10:54:55] INFO: Network Config: Adding new subnet: 127.0.0.0/8 address: 127.0.0.1
[06.06.18 10:54:55] INFO: Network Config: Adding new subnet: 192.168.50.0/24 address: 192.168.50.65
[06.06.18 10:54:55] INFO: Network Config: Adding new subnet: 0.0.0.0/0 address: 201.0.120.104
[06.06.18 10:54:55] INFO: Loaded 6 Filter Words.
[06.06.18 10:54:55] INFO: Sunrise Configs Loaded...
[06.06.18 10:54:55] INFO: Updated characters online status.
[06.06.18 10:54:55] INFO: Cleaned up invalid Weddings.
[06.06.18 10:54:55] INFO: Cleaned 0 elements from database in 0 s
[06.06.18 10:54:55] INFO: Cleaned 0 expired timestamps from database.
[06.06.18 10:54:55] INFO: BitSetIDFactory: 102912 id's available.
[06.06.18 10:54:55] INFO: -------------------------------------------------=[ Engines ]
[06.06.18 10:54:56] INFO: Script Engine: Oracle Nashorn 1.8.0_171 - Language: ECMAScript - Language Version: ECMA - 262 Edition 5.1
[06.06.18 10:54:56] INFO: Script Engine: jython 2.2.1 - Language: python - Language Version: 2.2.1
[06.06.18 10:54:56] INFO: Script Engine: java 1.8 - Language: java - Language Version: 1.8
[06.06.18 10:54:56] INFO: -------------------------------------------------=[ Geodata ]
[06.06.18 10:54:56] INFO: ---------------------------------------------------=[ World ]
[06.06.18 10:54:56] INFO: GameTimeController: Started.
[06.06.18 10:54:56] INFO: InstanceManager: Multiverse Instance created.
[06.06.18 10:54:56] INFO: InstanceManager: Universe Instance created.
[06.06.18 10:54:56] INFO: InstanceManager: Loaded 160 instance names.
[06.06.18 10:54:56] INFO: L2World: (128 by 136) World Region Grid set up.
[06.06.18 10:54:57] INFO: MapRegionManager: Loaded 57 map regions.
[06.06.18 10:54:57] INFO: GlobalVariablesManager: Loaded 0 variables.
[06.06.18 10:54:57] INFO: ----------------------------------------------------=[ Data ]
[06.06.18 10:54:57] INFO: CategoryData: Loaded 124 Categories.
[06.06.18 10:54:57] INFO: SecondaryAuthData: Loaded 328 forbidden passwords.
[06.06.18 10:54:57] INFO: -------------------------------------------------=[ Effects ]
[06.06.18 10:55:01] INFO: EffectHandler: Loaded 148 Handlers
[06.06.18 10:55:01] INFO: ------------------------------------=[ Enchant Skill Groups ]
[06.06.18 10:55:01] INFO: EnchantSkillGroupsData: Loaded 4 groups and 90 routes.
[06.06.18 10:55:01] INFO: ---------------------------------------------=[ Skill Trees ]
[06.06.18 10:55:02] INFO: SkillTreesData: Loaded 17176 Class Skills.
[06.06.18 10:55:02] INFO: SkillTreesData: Loaded 76 Sub-Class Skills.
[06.06.18 10:55:02] INFO: SkillTreesData: Loaded 77 Transfer Skills.
[06.06.18 10:55:02] INFO: SkillTreesData: Loaded 117 Fishing Skills.
[06.06.18 10:55:02] INFO: SkillTreesData: Loaded 3 Collect Skills.
[06.06.18 10:55:02] INFO: SkillTreesData: Loaded 74 Pledge Skills.
[06.06.18 10:55:02] INFO: SkillTreesData: Loaded 18 Sub-Pledge Skills.
[06.06.18 10:55:02] INFO: SkillTreesData: Loaded 32 Transform Skills.
[06.06.18 10:55:02] INFO: SkillTreesData: Loaded 8 Noble Skills.
[06.06.18 10:55:02] INFO: SkillTreesData: Loaded 5 Hero Skills.
[06.06.18 10:55:02] INFO: SkillTreesData: Loaded 46 Game Master Skills.
[06.06.18 10:55:02] INFO: SkillTreesData: Loaded 46 Game Master Aura Skills.
[06.06.18 10:55:02] INFO: --------------------------------------------------=[ Skills ]
[06.06.18 10:55:10] INFO: DocumentEngine: Loaded 66008 Skill templates from XML files.
[06.06.18 10:55:10] INFO: SummonSkillsTable: Loaded 1891 skills.
[06.06.18 10:55:10] INFO: ---------------------------------------------------=[ Items ]
[06.06.18 10:55:15] INFO: ItemData: Highest item id used:22567
[06.06.18 10:55:15] INFO: ItemData: Loaded: 11481 Etc Items
[06.06.18 10:55:15] INFO: ItemData: Loaded: 3825 Armor Items
[06.06.18 10:55:15] INFO: ItemData: Loaded: 3893 Weapon Items
[06.06.18 10:55:15] INFO: ItemData: Loaded: 19199 Items in total.
[06.06.18 10:55:15] INFO: EnchantItemGroupsData: Loaded: 4 item group templates.
[06.06.18 10:55:15] INFO: EnchantItemGroupsData: Loaded: 1 scroll group templates.
[06.06.18 10:55:15] WARN: EnchantItemData: Unexistent enchant scroll: 40109 defined in enchant data!
[06.06.18 10:55:15] WARN: EnchantItemData: Unexistent enchant scroll: 40104 defined in enchant data!
[06.06.18 10:55:15] WARN: EnchantItemData: Unexistent enchant scroll: 40108 defined in enchant data!
[06.06.18 10:55:15] WARN: EnchantItemData: Unexistent enchant scroll: 40103 defined in enchant data!
[06.06.18 10:55:15] INFO: EnchantItemData: Loaded 63 Enchant Scrolls.
[06.06.18 10:55:15] INFO: EnchantItemData: Loaded 20 Support Items.
[06.06.18 10:55:15] INFO: EnchantItemOptionsData: Loaded: 23 Items and 1093 Options.
[06.06.18 10:55:21] INFO: OptionData: Loaded: 24985 Options.
[06.06.18 10:55:21] INFO: EnchantItemHPBonusData: Loaded 6 Enchant HP Bonuses.
[06.06.18 10:55:21] INFO: MerchantPriceConfigData: Loaded 28 merchant price configs.
[06.06.18 10:55:30] INFO: BuyListData: Loaded 760 BuyLists.
[06.06.18 10:55:33] INFO: MultisellData: Loaded 196 multisell lists.
[06.06.18 10:55:33] INFO: RecipeData: Loaded 1000 recipes.
[06.06.18 10:55:33] INFO: ArmorSetsData: Loaded 198 Armor sets.
[06.06.18 10:55:33] INFO: FishData: Loaded 278 Fishes.
[06.06.18 10:55:33] INFO: FishingMonstersData: Loaded 8 Fishing Monsters.
[06.06.18 10:55:33] INFO: FishingRodsData: Loaded 6 Fishing Rods.
[06.06.18 10:55:34] INFO: HennaData: Loaded 180 Henna data.
[06.06.18 10:55:34] INFO: -------------------------------------------=[ Product Items ]
[06.06.18 10:55:34] INFO: ProductItemData: Loaded 1005 items for Item Mall.
[06.06.18 10:55:34] INFO: ----------------------------------------------=[ Characters ]
[06.06.18 10:55:34] INFO: ClassListData: Loaded 107 Class data.
[06.06.18 10:55:34] INFO: InitialEquipmentData: Loaded 11 Initial Equipment data.
[06.06.18 10:55:34] INFO: InitialShortcutData: Loaded 5 Initial Global Shortcuts data.
[06.06.18 10:55:34] INFO: InitialShortcutData: Loaded 4 Initial Shortcuts data.
[06.06.18 10:55:34] INFO: InitialShortcutData: Loaded 0 Macros presets.
[06.06.18 10:55:34] INFO: ExperienceData: Loaded 87 levels.
[06.06.18 10:55:34] INFO: ExperienceData: Max Player Level is: 85
[06.06.18 10:55:34] INFO: ExperienceData: Max Pet Level is: 86
[06.06.18 10:55:34] INFO: KarmaData: Loaded 85 karma modifiers.
[06.06.18 10:55:34] INFO: HitConditionBonusData: Loaded Hit Condition bonuses.
[06.06.18 10:55:36] INFO: PlayerTemplateData: Loaded 103 character templates.
[06.06.18 10:55:36] INFO: PlayerTemplateData: Loaded 52530 level up gain records.
[06.06.18 10:55:36] INFO: CharNameTable: Loaded 0 char names.
[06.06.18 10:55:36] INFO: AdminData: Loaded: 10 Access Levels.
[06.06.18 10:55:36] INFO: AdminData: Loaded: 453 Access Commands.
[06.06.18 10:55:36] INFO: RaidBossPointsManager: Loaded 0 Characters Raid Points.
[06.06.18 10:55:37] INFO: PetData: Loaded 52 Pets.
[06.06.18 10:55:37] INFO: ---------------------------------------------------=[ Clans ]
[06.06.18 10:55:37] INFO: Loaded 4 forums. Last forum id used: 4
[06.06.18 10:55:37] INFO: ClanTable: Restored 0 clans from the database.
[06.06.18 10:55:37] INFO: CHSiegeManager: Loaded 6 conquerable clan halls.
[06.06.18 10:55:37] INFO: AuctionManager: Loaded: 0 auction(s)
[06.06.18 10:55:37] INFO: AuctionManager: Created auction for ClanHall: 22
[06.06.18 10:55:37] INFO: AuctionManager: Created auction for ClanHall: 23
[06.06.18 10:55:37] INFO: AuctionManager: Created auction for ClanHall: 24
[06.06.18 10:55:37] INFO: AuctionManager: Created auction for ClanHall: 25
[06.06.18 10:55:37] INFO: AuctionManager: Created auction for ClanHall: 26
[06.06.18 10:55:37] INFO: AuctionManager: Created auction for ClanHall: 27
[06.06.18 10:55:38] INFO: AuctionManager: Created auction for ClanHall: 28
[06.06.18 10:55:38] INFO: AuctionManager: Created auction for ClanHall: 29
[06.06.18 10:55:38] INFO: AuctionManager: Created auction for ClanHall: 30
[06.06.18 10:55:38] INFO: AuctionManager: Created auction for ClanHall: 31
[06.06.18 10:55:38] INFO: AuctionManager: Created auction for ClanHall: 32
[06.06.18 10:55:38] INFO: AuctionManager: Created auction for ClanHall: 33
[06.06.18 10:55:38] INFO: AuctionManager: Created auction for ClanHall: 36
[06.06.18 10:55:38] INFO: AuctionManager: Created auction for ClanHall: 37
[06.06.18 10:55:38] INFO: AuctionManager: Created auction for ClanHall: 38
[06.06.18 10:55:38] INFO: AuctionManager: Created auction for ClanHall: 39
[06.06.18 10:55:38] INFO: AuctionManager: Created auction for ClanHall: 40
[06.06.18 10:55:38] INFO: AuctionManager: Created auction for ClanHall: 41
[06.06.18 10:55:38] INFO: AuctionManager: Created auction for ClanHall: 42
[06.06.18 10:55:38] INFO: AuctionManager: Created auction for ClanHall: 43
[06.06.18 10:55:38] INFO: AuctionManager: Created auction for ClanHall: 44
[06.06.18 10:55:38] INFO: AuctionManager: Created auction for ClanHall: 45
[06.06.18 10:55:38] INFO: AuctionManager: Created auction for ClanHall: 46
[06.06.18 10:55:38] INFO: AuctionManager: Created auction for ClanHall: 47
[06.06.18 10:55:38] INFO: AuctionManager: Created auction for ClanHall: 48
[06.06.18 10:55:38] INFO: AuctionManager: Created auction for ClanHall: 49
[06.06.18 10:55:38] INFO: AuctionManager: Created auction for ClanHall: 50
[06.06.18 10:55:38] INFO: AuctionManager: Created auction for ClanHall: 51
[06.06.18 10:55:38] INFO: AuctionManager: Created auction for ClanHall: 52
[06.06.18 10:55:38] INFO: AuctionManager: Created auction for ClanHall: 53
[06.06.18 10:55:38] INFO: AuctionManager: Created auction for ClanHall: 54
[06.06.18 10:55:38] INFO: AuctionManager: Created auction for ClanHall: 55
[06.06.18 10:55:38] INFO: AuctionManager: Created auction for ClanHall: 56
[06.06.18 10:55:38] INFO: AuctionManager: Created auction for ClanHall: 57
[06.06.18 10:55:38] INFO: AuctionManager: Created auction for ClanHall: 58
[06.06.18 10:55:38] INFO: AuctionManager: Created auction for ClanHall: 59
[06.06.18 10:55:38] INFO: AuctionManager: Created auction for ClanHall: 60
[06.06.18 10:55:38] INFO: AuctionManager: Created auction for ClanHall: 61
[06.06.18 10:55:38] INFO: ClanHallManager: Loaded: 0 clan halls
[06.06.18 10:55:38] INFO: ClanHallManager: Loaded: 38 free clan halls
[06.06.18 10:55:38] INFO: ----------------------------------------------------=[ NPCs ]
[06.06.18 10:55:38] INFO: HerbDropData: Loaded 9 herb groups.
[06.06.18 10:55:38] INFO: SkillLearnData: Loaded 256 Skill Learn data.
[06.06.18 10:55:39] INFO: NpcTable: Loaded 10465 (Custom: 41) NPC template(s).
[06.06.18 10:55:39] INFO: NpcTable: Loaded 103018 (Custom: 0) NPC skills.
[06.06.18 10:55:40] INFO: NpcTable: Loaded 44235 (Custom: 5) drops.
[06.06.18 10:55:40] INFO: NpcTable: Loaded 526 Minions.
[06.06.18 10:55:40] INFO: NpcTable: Loaded 10461 (Custom: 38) AI Data.
[06.06.18 10:55:40] INFO: NpcTable: Loaded 10460 (Custom: 1) Elementals Data.
[06.06.18 10:55:41] INFO: WalkingManager: Loaded 123 walking routes.
[06.06.18 10:55:41] INFO: StaticObjectsData: Loaded 51 StaticObject Templates.
[06.06.18 10:55:41] INFO: GrandBossManager: Queen Ant(29001) status is 0.
[06.06.18 10:55:41] INFO: GrandBossManager: Core(29006) status is 0.
[06.06.18 10:55:41] INFO: GrandBossManager: Orfen(29014) status is 0.
[06.06.18 10:55:41] INFO: GrandBossManager: Baium(29020) status is 0.
[06.06.18 10:55:41] INFO: GrandBossManager: Valakas(29028) status is 0.
[06.06.18 10:55:41] INFO: GrandBossManager: Andreas Van Halter(29062) status is 0.
[06.06.18 10:55:41] INFO: GrandBossManager: Antharas(29068) status is 0.
[06.06.18 10:55:41] INFO: GrandBossManager: Beleth(29118) status is 0.
[06.06.18 10:55:41] INFO: GrandBossManager: Loaded 8 Instances
[06.06.18 10:55:42] INFO: DoorData: Loaded 1301 Door Templates for 21 regions.
[06.06.18 10:55:45] INFO: ZoneManager: Loaded 29 zone classes and 2828 zones.
[06.06.18 10:55:45] INFO: ZoneManager: Loaded 0 NPC spawn territoriers.
[06.06.18 10:55:45] INFO: CastleManager: Loaded: 9 castles
[06.06.18 10:55:45] INFO: FortManager: Loaded: 21 fortress
[06.06.18 10:55:45] INFO: NpcBufferTable: Loaded 1 buffers and 10 skills.
[06.06.18 10:55:45] INFO: GrandBossManager: Initialized 10 Grand Boss Zones
[06.06.18 10:55:45] INFO: -----------------------------------------=[ Auction Manager ]
[06.06.18 10:55:45] INFO: ItemAuctionInstance: Loaded 82 item(s) and registered 0 auction(s) for instance 32320.
[06.06.18 10:55:45] INFO: ItemAuctionInstance: Schedule next auction 1 on 17:00:00 08.06.18 for instance 32320
[06.06.18 10:55:45] INFO: ItemAuctionInstance: Loaded 82 item(s) and registered 0 auction(s) for instance 32321.
[06.06.18 10:55:45] INFO: ItemAuctionInstance: Schedule next auction 2 on 17:00:00 11.06.18 for instance 32321
[06.06.18 10:55:45] INFO: ItemAuctionInstance: Loaded 82 item(s) and registered 0 auction(s) for instance 32322.
[06.06.18 10:55:45] INFO: ItemAuctionInstance: Schedule next auction 3 on 17:00:00 06.06.18 for instance 32322
[06.06.18 10:55:45] INFO: ItemAuctionManager: Loaded 3 instance(s).
[06.06.18 10:55:45] INFO: ------------------------------------------------=[ Olympiad ]
[06.06.18 10:55:45] INFO: Olympiad System: failed to load data from database, trying to load from file.
[06.06.18 10:55:45] INFO: Olympiad System: Loading Olympiad System....
[06.06.18 10:55:45] INFO: Olympiad System: Currently in Olympiad Period
[06.06.18 10:55:45] INFO: Olympiad System: Period ends at 01/07/2018 00:00
[06.06.18 10:55:45] INFO: Olympiad System: In 24 days, 13 hours and 4 mins.
[06.06.18 10:55:45] INFO: Olympiad System: Next Weekly Change is in....
[06.06.18 10:55:45] INFO: Olympiad System: In 6 days, 23 hours and 59 mins.
[06.06.18 10:55:45] INFO: Olympiad System: Loaded 0 Noblesses
[06.06.18 10:55:45] INFO: Olympiad System: Competition Period Starts in 0 days, 7 hours and 4 mins.
[06.06.18 10:55:45] INFO: Olympiad System: Event starts/started : Wed Jun 06 18:00:45 BRT 2018
[06.06.18 10:55:45] INFO: Olympiad System: Added weekly points to nobles
[06.06.18 10:55:45] INFO: Olympiad System: Reset weekly matches to nobles
[06.06.18 10:55:45] INFO: Hero System: Loaded 0 Heroes.
[06.06.18 10:55:45] INFO: Hero System: Loaded 0 all time Heroes.
[06.06.18 10:55:45] INFO: ---------------------------------------------=[ Seven Signs ]
[06.06.18 10:55:45] INFO: SevenSigns: Currently in the Competition (Quest Event) period!
[06.06.18 10:55:45] INFO: SevenSigns: The Seal of Avarice remains unclaimed.
[06.06.18 10:55:45] INFO: SevenSigns: The Seal of Gnosis remains unclaimed.
[06.06.18 10:55:45] INFO: SevenSigns: The Seal of Strife remains unclaimed.
[06.06.18 10:55:45] INFO: SevenSigns: The competition, if the current trend continues, will end in a tie this week.
[06.06.18 10:55:45] INFO: SevenSigns: Next period change set to Mon Jun 11 18:00:45 BRT 2018
[06.06.18 10:55:45] INFO: SevenSigns: Next period in 5 days 7 hours and 4 mins.
[06.06.18 10:55:45] INFO: ---------------------------------------------------=[ Cache ]
[06.06.18 10:55:45] INFO: Cache[HTML]: Running lazy cache
[06.06.18 10:55:45] INFO: CrestTable: Loaded 0 Crests.
[06.06.18 10:55:45] INFO: TeleportLocationTable: Loaded 957 Teleport Location Templates.
[06.06.18 10:55:45] INFO: UIData: Loaded 4 keys 5 categories.
[06.06.18 10:55:46] INFO: AugmentationData: Loaded: 33960 augmentations.
[06.06.18 10:55:46] INFO: AugmentationData: Loaded: 2754 accessory augmentations.
[06.06.18 10:55:46] INFO: CursedWeaponsManager: Loaded : 2 cursed weapon(s).
[06.06.18 10:55:48] INFO: TransformData: Loaded: 111 transform templates.
[06.06.18 10:55:48] WARN: TransformData: Folder C:\Users\Raaaa\Desktop\NAP H5\Sunrise Nova\game\data\xml\stats\transformations\custom doesn't exist!
[06.06.18 10:55:48] INFO: TransformData: Loaded 0 custom transform templates.
[06.06.18 10:55:48] INFO: BotReportTable: Loaded 0 bot reports
[06.06.18 10:55:48] INFO: -------------------------------------------------=[ Scripts ]
[06.06.18 10:55:48] INFO: AirShipManager: Loaded 0 private airships
[06.06.18 10:55:48] INFO: ----------------------------------------=[ Datapack Scripts ]
[06.06.18 10:56:15] INFO: BloodAltarsLoader: Loading related scripts.
[06.06.18 10:56:16] INFO: ConquerableHallsLoader: Loading related scripts.
[06.06.18 10:56:16] INFO: Devastated Castle: Wed Jun 20 12:00:00 BRT 2018
[06.06.18 10:56:16] INFO: Fortress of Resistance: Wed Jun 20 12:00:00 BRT 2018
[06.06.18 10:56:16] INFO: Fortresss of the Dead: Wed Jun 20 12:00:00 BRT 2018
[06.06.18 10:56:16] INFO: Rainbow Springs: Wed Jun 20 12:00:00 BRT 2018
[06.06.18 10:56:16] INFO: CustomsLoader: Loading related scripts.
[06.06.18 10:56:16] INFO: 5th Anniversary Event - OFF
[06.06.18 10:56:16] INFO: EventsLoader: Loading related scripts.
[06.06.18 10:56:16] INFO: FeaturesLoader: Loading related scripts.
[06.06.18 10:56:16] INFO: GraciaLoader: Loading related scripts.
[06.06.18 10:56:16] INFO: Seed of Destruction Manager: Loaded. Current stage is: 1
[06.06.18 10:56:16] INFO: SeedOfDestruction: Loaded 51 spawn zones data.
[06.06.18 10:56:16] INFO: SeedOfDestruction: Loaded 548 spawns data.
[06.06.18 10:56:16] INFO: GrandBossLoader: Loading related scripts.
[06.06.18 10:56:16] INFO: GrandBossManager: Updated Andreas Van Halter(29062) status to 0
[06.06.18 10:56:16] INFO: GroupTemplatesLoader: Loading related scripts.
[06.06.18 10:56:16] INFO: IndividualLoader: Loading related scripts.
[06.06.18 10:56:16] INFO: HellboundLoader: Loading related scripts.
[06.06.18 10:56:16] INFO: HellboundPointData: Loaded 47 trust point reward data.
[06.06.18 10:56:17] INFO: HellboundSpawns: Loaded 598 Hellbound spawns.
[06.06.18 10:56:17] INFO: HellboundEngine: Level: 0
[06.06.18 10:56:17] INFO: HellboundEngine: Trust: 0
[06.06.18 10:56:17] INFO: HellboundEngine: Status: locked.
[06.06.18 10:56:17] INFO: RaidBossSpawnManager: Loaded 187 Instances
[06.06.18 10:56:17] INFO: RaidBossSpawnManager: Scheduled 0 Instances
[06.06.18 10:56:17] INFO: InstanceLoader: Loading related scripts.
[06.06.18 10:56:17] INFO: MasterHandler: Loading related scripts.
[06.06.18 10:56:17] INFO: ActionHandler: Loaded 10 Handlers
[06.06.18 10:56:17] INFO: ActionShiftHandler: Loaded 6 Handlers
[06.06.18 10:56:17] INFO: AdminCommandHandler: Loaded 466 Handlers
[06.06.18 10:56:17] INFO: BypassHandler: Loaded 50 Handlers
[06.06.18 10:56:17] INFO: ChatHandler: Loaded 14 Handlers
[06.06.18 10:56:17] INFO: ItemHandler: Loaded 34 Handlers
[06.06.18 10:56:17] INFO: PunishmentHandler: Loaded 3 Handlers
[06.06.18 10:56:17] INFO: SkillHandler: Loaded 27 Handlers
[06.06.18 10:56:17] INFO: UserCommandHandler: Loaded 17 Handlers
[06.06.18 10:56:17] INFO: VoicedCommandHandler: Loaded 25 Handlers
[06.06.18 10:56:17] INFO: TargetHandler: Loaded 35 Handlers
[06.06.18 10:56:17] INFO: TelnetHandler: Loaded 20 Handlers
[06.06.18 10:56:17] INFO: ModifiersLoader: Loading related scripts.
[06.06.18 10:56:17] INFO: NpcLoader: Loading related scripts.
[06.06.18 10:56:17] INFO: NpcBuffersData: Loaded: 33 buffers data.
[06.06.18 10:56:17] INFO: QuestLoader: Loading related scripts.
[06.06.18 10:56:18] INFO: EnhanceYourWeapon: Loaded 54 Soul Crystal data.
[06.06.18 10:56:18] INFO: EnhanceYourWeapon: Loaded 243 npc Leveling info data.
[06.06.18 10:56:18] INFO: SunriseNpcsLoader: Loading related scripts.
[06.06.18 10:56:18] INFO: TeleportersLoader: Loading related scripts.
[06.06.18 10:56:18] INFO: VillageMastersLoader: Loading related scripts.
[06.06.18 10:56:18] INFO: ZonesLoader: Loading related scripts.
[06.06.18 10:56:18] INFO: Handy's Block Checker Event is enabled
[06.06.18 10:56:18] INFO: Fantasy Isle: Parade starting at 2018/06/06 13:20 and is scheduled each next 1 hours.
[06.06.18 10:56:18] INFO: GlobalLoader: Global scripts loaded in 2840 ms.
[06.06.18 10:56:19] INFO: Bandit StrongHold: Wed Jun 20 12:00:00 BRT 2018
[06.06.18 10:56:19] INFO: Beast Farm: Wed Jun 20 12:00:00 BRT 2018
[06.06.18 10:56:20] INFO: TerritoryWarSuperClass: Sun Jun 17 22:00:00 BRT 2018
[06.06.18 10:56:22] INFO: --------------------------------------------=[ Gracia Seeds ]
[06.06.18 10:56:22] INFO: Seed of Infinity Manager: Loaded. Current stage is: 1
[06.06.18 10:56:22] INFO: --------------------------------------------------=[ Spawns ]
[06.06.18 10:56:25] INFO: SpawnTable: Loaded 3947 npc spawns.
[06.06.18 10:56:25] INFO: SpawnTable: Loaded 17 custom npc spawns.
[06.06.18 10:56:25] INFO: SpawnTable: Loaded 1190 npc spawns from XML.
[06.06.18 10:56:25] INFO: DayNightSpawnManager: Removed 0 night creatures
[06.06.18 10:56:25] INFO: DayNightSpawnManager: Spawned 232 day creatures
[06.06.18 10:56:25] INFO: FourSepulchersManager: loaded 20 Mysterious-Box spawns.
[06.06.18 10:56:25] INFO: FourSepulchersManager: loaded 716 Physical monsters.
[06.06.18 10:56:25] INFO: FourSepulchersManager: loaded 716 Magical monsters.
[06.06.18 10:56:25] INFO: FourSepulchersManager: loaded 92 Church of duke monsters.
[06.06.18 10:56:25] INFO: FourSepulchersManager: loaded 68 Emperor's grave NPCs.
[06.06.18 10:56:25] INFO: FourSepulchersManager: spawned Conquerors' Sepulcher Manager
[06.06.18 10:56:25] INFO: FourSepulchersManager: spawned Emperors' Sepulcher Manager
[06.06.18 10:56:25] INFO: FourSepulchersManager: spawned Great Sages' Sepulcher Manager
[06.06.18 10:56:25] INFO: FourSepulchersManager: spawned Judges' Sepulcher Manager
[06.06.18 10:56:25] INFO: FourSepulchersManager: Beginning in Entry time
[06.06.18 10:56:25] INFO: DimensionalRiftManager: Loaded 7 room types with 56 rooms.
[06.06.18 10:56:25] INFO: DimensionalRiftManager: Loaded 462 dimensional rift spawns.
[06.06.18 10:56:25] INFO: ---------------------------------------------------=[ Siege ]
[06.06.18 10:56:25] INFO: SiegeScheduleData: Loaded: 2 siege schedulers.
[06.06.18 10:56:25] INFO: Siege of Gludio: Sun Jun 17 16:00:00 BRT 2018
[06.06.18 10:56:25] INFO: Siege of Dion: Sun Jun 17 16:00:00 BRT 2018
[06.06.18 10:56:25] INFO: Siege of Giran: Sun Jun 17 16:00:00 BRT 2018
[06.06.18 10:56:25] INFO: Siege of Oren: Sun Jun 17 16:00:00 BRT 2018
[06.06.18 10:56:25] INFO: Siege of Aden: Sun Jun 17 16:00:00 BRT 2018
[06.06.18 10:56:26] INFO: Siege of Innadril: Sun Jun 17 20:00:00 BRT 2018
[06.06.18 10:56:26] INFO: Siege of Goddard: Sun Jun 17 20:00:00 BRT 2018
[06.06.18 10:56:26] INFO: Siege of Rune: Sun Jun 17 20:00:00 BRT 2018
[06.06.18 10:56:26] INFO: Siege of Schuttgart: Sun Jun 17 20:00:00 BRT 2018
[06.06.18 10:56:26] INFO: CastleManorManager: Loaded 258 seeds.
[06.06.18 10:56:26] INFO: CastleManorManager: Manor data loaded.
[06.06.18 10:56:26] INFO: CastleManorManager: Period ends at 06/06/2018 20:00
[06.06.18 10:56:26] INFO: CastleManorManager: In 0 days, 9 hours and 3 mins.
[06.06.18 10:56:26] INFO: CastleManorManager: Next mode change: 06/06 20:00:00
[06.06.18 10:56:26] INFO: CastleManorManager: Current mode: APPROVED
[06.06.18 10:56:26] INFO: MercTicketManager: Loaded: 0 Mercenary Tickets
[06.06.18 10:56:26] INFO: QuestManager: Loaded: 528 quests.
[06.06.18 10:56:26] INFO: QuestManager: Loaded: 341 scripts.
[06.06.18 10:56:26] INFO: --------------------------------------------------=[ Others ]
[06.06.18 10:56:26] INFO: SevenSignsFestival: The first Festival of Darkness cycle begins in 2 minute(s).
[06.06.18 10:56:26] INFO: Event ID: (Squash Event) has passed... Ignored.
[06.06.18 10:56:26] INFO: FaenorScriptEngine: Loaded  SquashEvent.xml successfully.
[06.06.18 10:56:26] INFO: Event ID: (Valentines Event) has passed... Ignored.
[06.06.18 10:56:26] INFO: FaenorScriptEngine: Loaded  Valentines.xml successfully.
[06.06.18 10:56:26] INFO: TaskManager: Loaded: 15 Tasks
[06.06.18 10:56:26] INFO: PunishmentManager: Loaded 0 active and 0 expired punishments.
[06.06.18 10:56:26] INFO: --------------------------------------------=[ Event Engine ]
[06.06.18 10:56:26] INFO: Event Engine: Loaded GlobalConfigs engine.
[06.06.18 10:56:26] INFO: Event Engine: Debug messages are stored in 'log\EventEngine\EventEngine_detailed_1.log'
[06.06.18 10:56:26] INFO: Event Engine: Thanks for using a legal version.
[06.06.18 10:56:26] INFO: Event Engine: Loading engine version 2.2...
[06.06.18 10:56:26] INFO: Event Engine: Using HighFive interface (for engine v2.1).
[06.06.18 10:56:26] INFO: Event Engine: Loading Admin htmls from the jar file.
[06.06.18 10:56:26] INFO: Event Engine: Loaded 58 HTML files from event-engine.jar
[06.06.18 10:56:26] INFO: Event Engine: Loaded HTML manager.
[06.06.18 10:56:26] INFO: Event Engine: Loading events...
[06.06.18 10:56:26] INFO: Event Engine: Next event in 10 minutes.
[06.06.18 10:56:26] INFO: Event Engine: Loaded 14 main events.
[06.06.18 10:56:26] INFO: Event Engine: Loaded 5 mini event types.
[06.06.18 10:56:26] INFO: Event Engine: Loaded editable Event Description system.
[06.06.18 10:56:26] INFO: Event Engine: Processing en language -  version 2.21
[06.06.18 10:56:26] INFO: Event Engine: Loaded en language with 266 messages.
[06.06.18 10:56:26] INFO: Event Engine: Loaded 1 languages.
[06.06.18 10:56:26] INFO: Event Engine: Loaded 14 mini event modes.
[06.06.18 10:56:26] INFO: Event Engine: Loaded 395 configs for events.
[06.06.18 10:56:26] INFO: Event Engine: Event Engine: Loaded 66 EventMaps.
[06.06.18 10:56:26] INFO: Event Engine: Reward System Loaded.
[06.06.18 10:56:26] INFO: Event Engine: Loaded 14 main event InstanceTypes.
[06.06.18 10:56:26] INFO: Event Engine: Global statistics reloaded.
[06.06.18 10:56:26] INFO: Event Engine: Global statistics engine loaded.
[06.06.18 10:56:26] INFO: Event Engine: Loaded EventWarnings engine.
[06.06.18 10:56:26] INFO: Event Engine: Gear score engine - loaded 7718 items.
[06.06.18 10:56:26] INFO: Event Engine: Loaded PlayerValue engine.
[06.06.18 10:56:26] INFO: Event Engine: Version 2.2 successfully loaded.
[06.06.18 10:56:26] INFO: -----------------------------------------=[ Sunrise Systems ]
[06.06.18 10:56:26] INFO: Vote System: Enabled.
[06.06.18 10:56:26] INFO: Premium System: Enabled.
[06.06.18 10:56:26] INFO: Pc Bang Points: Enabled.
[06.06.18 10:56:26] INFO: Security System: Enabled.
[06.06.18 10:56:26] INFO: Restart: Next restart: Thu Jun 07 04:00:00 BRT 2018
[06.06.18 10:56:26] INFO: Auto Restart: Enabled.
[06.06.18 10:56:26] INFO: Repair Command: Enabled.
[06.06.18 10:56:26] INFO: Experience Command: Enabled.
[06.06.18 10:56:26] INFO: Top Lists Updater: Enabled.
[06.06.18 10:56:26] INFO: Auto Soul Shots: Enabled.
[06.06.18 10:56:26] INFO: Character Control Panel: Enabled.
[06.06.18 10:56:26] INFO: Achievements Engine: Loaded 12 achievements from xml!
[06.06.18 10:56:26] INFO: BuffsHolder: loaded 133 buffs(s) count.
[06.06.18 10:56:26] INFO: Loaded 241 teleports for the Custom Npcs-Items.
[06.06.18 10:56:26] ERROR: ImagesCache: Path data/sunrise/images/id_by_name doesn't exist!
[06.06.18 10:56:26] INFO: ImagesCache: Loaded 0 images (data/sunrise/images/id_by_name).
[06.06.18 10:56:27] INFO: GlobalImagesCache: Loaded 7 images (data/sunrise/images).
[06.06.18 10:56:27] INFO: LeaderBoards: Enabled.
[06.06.18 10:56:27] INFO: ArenaLeaderboard: Initialized
[06.06.18 10:56:27] INFO: FishermanLeaderboard: Initialized
[06.06.18 10:56:27] INFO: CraftLeaderboard: Initialized
[06.06.18 10:56:27] INFO: TvTLeaderboard: Disabled.
[06.06.18 10:56:27] INFO: Antibot Engine: Enabled.
[06.06.18 10:56:27] INFO: Antibot Farm Engine: Enabled.
[06.06.18 10:56:27] INFO: Antibot Enchant Engine: Disabled.
[06.06.18 10:56:27] INFO: RaidConfigsHolder: loaded 1 raid configs(s) count.
[06.06.18 10:56:27] INFO: RaidAndDropsHolder: loaded 2 raid and drops(s) count.
[06.06.18 10:56:27] INFO: RaidLocationsHolder: loaded 6 raid locations(s) count.
[06.06.18 10:56:27] INFO: RaidManager: Disabled.
[06.06.18 10:56:27] INFO: CoupleManager: Loaded: 0 couples(s)
[06.06.18 10:56:27] INFO: MailManager: Successfully loaded 0 messages.
[06.06.18 10:56:27] INFO: IdFactory: Free ObjectID's remaining: 1879002540
[06.06.18 10:56:27] INFO: OfflineTradersTable: Loaded: 0 offline trader(s)
[06.06.18 10:56:29] INFO: GameServer: Started, free memory 2365 Mb of 2731 Mb
[06.06.18 10:56:29] INFO: ArenaManager: Autotask init.
[06.06.18 10:56:29] INFO: FishManager: Autotask init.
[06.06.18 10:56:29] INFO: CraftManager: Autotask init.
[06.06.18 10:56:29] INFO: Connecting to login on 127.0.0.1:9014
[06.06.18 10:56:30] INFO: GameServer: is now listening on: *:7777
[06.06.18 10:56:30] INFO: Maximum Numbers of Connected players: 100
[06.06.18 10:56:30] INFO: Server loaded in 94 seconds.
[06.06.18 10:56:30] INFO: =====================================================
[06.06.18 10:56:30] INFO: Copyrights: .............: Sunrise-Team 2015-2017
[06.06.18 10:56:30] INFO: Project Owners: .........: vNeverMore
[06.06.18 10:56:30] INFO: Developers: .............: vGodFather
[06.06.18 10:56:30] INFO: Website: ................: www.L2jSunrise.com
[06.06.18 10:56:30] INFO: Website Owner-Dev: ......: vNeverMore
[06.06.18 10:56:30] INFO: Chronicle: ..............: High Five Part 5 (CT2.6)
[06.06.18 10:56:30] INFO: Sunrise Revision: .......: Final Edition
[06.06.18 10:56:30] INFO: Core Revision: ..........: 842 rev
[06.06.18 10:56:30] INFO: Data Revision: ..........: 760 rev
[06.06.18 10:56:30] INFO: +----
[06.06.18 10:56:30] INFO: | Global Memory Informations at 10:56:30:
[06.06.18 10:56:30] INFO: |    |
[06.06.18 10:56:30] INFO: | Allowed Memory: 2731 MB
[06.06.18 10:56:30] INFO: |    |= Allocated Memory: 749 MB (27,4259%)
[06.06.18 10:56:30] INFO: |    |= Non-Allocated Memory: 1982 MB (72,5741%)
[06.06.18 10:56:30] INFO: | Allocated Memory: 749 MB
[06.06.18 10:56:30] INFO: |    |= Used Memory: 392 MB (14,3537%)
[06.06.18 10:56:30] INFO: |    |= Unused (cached) Memory: 357 MB (13,0721%)
[06.06.18 10:56:30] INFO: | Useable Memory: 2339 MB (85,6463%)
[06.06.18 10:56:30] INFO: +----
[06.06.18 10:56:30] INFO: =====================================================
[06.06.18 10:56:30] INFO: ----------------------------------------------------=[ UPnP ]
[06.06.18 10:56:30] INFO: Looking for UPnP Gateway Devices...
[06.06.18 10:56:30] INFO: Registered on login as Server 1 : Bartz
[06.06.18 10:56:31] INFO: Using UPnP gateway: RT-AC51U
[06.06.18 10:56:31] INFO: Using local address: 192.168.50.65 External address: 192.168.1.36
[06.06.18 10:56:31] INFO: Mapping successfull on [192.168.50.65:7777]
[06.06.18 10:56:31] INFO: GameServer: Telnet server is currently disabled.
[06.06.18 10:56:56] INFO: TopListsUpdater: Data reloaded in 14 ms.
[06.06.18 11:04:46] INFO: GlobalVariablesManager: Stored 5 variables.
[06.06.18 11:06:26] INFO: Event Engine: Trying to find an event to be started:
[06.06.18 11:26:26] INFO: SevenSigns: Data updated successfully.
[06.06.18 11:26:26] INFO: Event Engine: Global statistics reloaded.
[06.06.18 11:26:56] INFO: TopListsUpdater: Data reloaded in 7 ms.
[06.06.18 11:34:46] INFO: GlobalVariablesManager: Stored 5 variables.
[06.06.18 11:36:27] INFO: Event Engine: Registration phase ended.
[06.06.18 11:36:27] INFO: Event Engine: Not enought participants.
[06.06.18 11:36:27] INFO: Event Engine: Event TvT finished clearPlayers() for instance ID 0
[06.06.18 11:36:27] INFO: Event Engine: Next event in 20 minutes.
[06.06.18 11:56:33] INFO: Network Config: ipconfig.xml doesn't exists using automatic configuration...
[06.06.18 11:56:34] INFO: Network Config: Adding new subnet: 127.0.0.0/8 address: 127.0.0.1
[06.06.18 11:56:34] INFO: Network Config: Adding new subnet: 192.168.25.0/24 address: 192.168.25.189
[06.06.18 11:56:34] INFO: Network Config: Adding new subnet: 0.0.0.0/0 address: 177.157.141.147
[06.06.18 11:56:34] INFO: Loaded 6 Filter Words.
[06.06.18 11:56:35] INFO: Sunrise Configs Loaded...
[06.06.18 11:56:35] INFO: Updated characters online status.
[06.06.18 11:56:35] INFO: Cleaned up invalid Weddings.
[06.06.18 11:56:35] INFO: Cleaned 0 elements from database in 0 s
[06.06.18 11:56:35] INFO: Cleaned 0 expired timestamps from database.
[06.06.18 11:56:35] INFO: BitSetIDFactory: 102912 id's available.
[06.06.18 11:56:35] INFO: -------------------------------------------------=[ Engines ]
[06.06.18 11:56:35] INFO: Script Engine: Oracle Nashorn 1.8.0_171 - Language: ECMAScript - Language Version: ECMA - 262 Edition 5.1
[06.06.18 11:56:37] INFO: Script Engine: jython 2.2.1 - Language: python - Language Version: 2.2.1
[06.06.18 11:56:37] INFO: Script Engine: java 1.8 - Language: java - Language Version: 1.8
[06.06.18 11:56:37] INFO: -------------------------------------------------=[ Geodata ]
[06.06.18 11:56:37] INFO: ---------------------------------------------------=[ World ]
[06.06.18 11:56:37] INFO: GameTimeController: Started.
[06.06.18 11:56:37] INFO: InstanceManager: Multiverse Instance created.
[06.06.18 11:56:37] INFO: InstanceManager: Universe Instance created.
[06.06.18 11:56:37] INFO: InstanceManager: Loaded 160 instance names.
[06.06.18 11:56:37] INFO: L2World: (128 by 136) World Region Grid set up.
[06.06.18 11:56:38] INFO: MapRegionManager: Loaded 57 map regions.
[06.06.18 11:56:38] INFO: GlobalVariablesManager: Loaded 5 variables.
[06.06.18 11:56:38] INFO: ----------------------------------------------------=[ Data ]
[06.06.18 11:56:38] INFO: CategoryData: Loaded 124 Categories.
[06.06.18 11:56:38] INFO: SecondaryAuthData: Loaded 328 forbidden passwords.
[06.06.18 11:56:38] INFO: -------------------------------------------------=[ Effects ]
[06.06.18 11:56:43] INFO: EffectHandler: Loaded 148 Handlers
[06.06.18 11:56:43] INFO: ------------------------------------=[ Enchant Skill Groups ]
[06.06.18 11:56:43] INFO: EnchantSkillGroupsData: Loaded 4 groups and 90 routes.
[06.06.18 11:56:44] INFO: ---------------------------------------------=[ Skill Trees ]
[06.06.18 11:56:45] INFO: SkillTreesData: Loaded 17176 Class Skills.
[06.06.18 11:56:45] INFO: SkillTreesData: Loaded 76 Sub-Class Skills.
[06.06.18 11:56:45] INFO: SkillTreesData: Loaded 77 Transfer Skills.
[06.06.18 11:56:45] INFO: SkillTreesData: Loaded 117 Fishing Skills.
[06.06.18 11:56:45] INFO: SkillTreesData: Loaded 3 Collect Skills.
[06.06.18 11:56:45] INFO: SkillTreesData: Loaded 74 Pledge Skills.
[06.06.18 11:56:45] INFO: SkillTreesData: Loaded 18 Sub-Pledge Skills.
[06.06.18 11:56:45] INFO: SkillTreesData: Loaded 32 Transform Skills.
[06.06.18 11:56:45] INFO: SkillTreesData: Loaded 8 Noble Skills.
[06.06.18 11:56:45] INFO: SkillTreesData: Loaded 5 Hero Skills.
[06.06.18 11:56:45] INFO: SkillTreesData: Loaded 46 Game Master Skills.
[06.06.18 11:56:45] INFO: SkillTreesData: Loaded 46 Game Master Aura Skills.
[06.06.18 11:56:45] INFO: --------------------------------------------------=[ Skills ]
[06.06.18 11:56:58] INFO: DocumentEngine: Loaded 66008 Skill templates from XML files.
[06.06.18 11:56:58] INFO: SummonSkillsTable: Loaded 1891 skills.
[06.06.18 11:56:58] INFO: ---------------------------------------------------=[ Items ]
[06.06.18 11:57:03] INFO: ItemData: Highest item id used:22567
[06.06.18 11:57:03] INFO: ItemData: Loaded: 11481 Etc Items
[06.06.18 11:57:03] INFO: ItemData: Loaded: 3825 Armor Items
[06.06.18 11:57:03] INFO: ItemData: Loaded: 3893 Weapon Items
[06.06.18 11:57:03] INFO: ItemData: Loaded: 19199 Items in total.
[06.06.18 11:57:03] INFO: EnchantItemGroupsData: Loaded: 4 item group templates.
[06.06.18 11:57:03] INFO: EnchantItemGroupsData: Loaded: 1 scroll group templates.
[06.06.18 11:57:03] WARN: EnchantItemData: Unexistent enchant scroll: 40109 defined in enchant data!
[06.06.18 11:57:03] WARN: EnchantItemData: Unexistent enchant scroll: 40104 defined in enchant data!
[06.06.18 11:57:03] WARN: EnchantItemData: Unexistent enchant scroll: 40108 defined in enchant data!
[06.06.18 11:57:03] WARN: EnchantItemData: Unexistent enchant scroll: 40103 defined in enchant data!
[06.06.18 11:57:03] INFO: EnchantItemData: Loaded 63 Enchant Scrolls.
[06.06.18 11:57:03] INFO: EnchantItemData: Loaded 20 Support Items.
[06.06.18 11:57:03] INFO: EnchantItemOptionsData: Loaded: 23 Items and 1093 Options.
[06.06.18 11:57:09] INFO: OptionData: Loaded: 24985 Options.
[06.06.18 11:57:09] INFO: EnchantItemHPBonusData: Loaded 6 Enchant HP Bonuses.
[06.06.18 11:57:09] INFO: MerchantPriceConfigData: Loaded 28 merchant price configs.
[06.06.18 11:57:20] INFO: BuyListData: Loaded 760 BuyLists.
[06.06.18 11:57:23] INFO: MultisellData: Loaded 196 multisell lists.
[06.06.18 11:57:23] INFO: RecipeData: Loaded 1000 recipes.
[06.06.18 11:57:23] INFO: ArmorSetsData: Loaded 198 Armor sets.
[06.06.18 11:57:23] INFO: FishData: Loaded 278 Fishes.
[06.06.18 11:57:23] INFO: FishingMonstersData: Loaded 8 Fishing Monsters.
[06.06.18 11:57:23] INFO: FishingRodsData: Loaded 6 Fishing Rods.
[06.06.18 11:57:23] INFO: HennaData: Loaded 180 Henna data.
[06.06.18 11:57:23] INFO: -------------------------------------------=[ Product Items ]
[06.06.18 11:57:23] INFO: ProductItemData: Loaded 1005 items for Item Mall.
[06.06.18 11:57:23] INFO: ----------------------------------------------=[ Characters ]
[06.06.18 11:57:23] INFO: ClassListData: Loaded 107 Class data.
[06.06.18 11:57:23] INFO: InitialEquipmentData: Loaded 11 Initial Equipment data.
[06.06.18 11:57:24] INFO: InitialShortcutData: Loaded 5 Initial Global Shortcuts data.
[06.06.18 11:57:24] INFO: InitialShortcutData: Loaded 4 Initial Shortcuts data.
[06.06.18 11:57:24] INFO: InitialShortcutData: Loaded 0 Macros presets.
[06.06.18 11:57:24] INFO: ExperienceData: Loaded 87 levels.
[06.06.18 11:57:24] INFO: ExperienceData: Max Player Level is: 85
[06.06.18 11:57:24] INFO: ExperienceData: Max Pet Level is: 86
[06.06.18 11:57:24] INFO: KarmaData: Loaded 85 karma modifiers.
[06.06.18 11:57:24] INFO: HitConditionBonusData: Loaded Hit Condition bonuses.
[06.06.18 11:57:26] INFO: PlayerTemplateData: Loaded 103 character templates.
[06.06.18 11:57:26] INFO: PlayerTemplateData: Loaded 52530 level up gain records.
[06.06.18 11:57:26] INFO: CharNameTable: Loaded 0 char names.
[06.06.18 11:57:26] INFO: AdminData: Loaded: 10 Access Levels.
[06.06.18 11:57:26] INFO: AdminData: Loaded: 453 Access Commands.
[06.06.18 11:57:26] INFO: RaidBossPointsManager: Loaded 0 Characters Raid Points.
[06.06.18 11:57:28] INFO: PetData: Loaded 52 Pets.
[06.06.18 11:57:28] INFO: ---------------------------------------------------=[ Clans ]
[06.06.18 11:57:28] INFO: Loaded 4 forums. Last forum id used: 4
[06.06.18 11:57:28] INFO: ClanTable: Restored 0 clans from the database.
[06.06.18 11:57:28] INFO: CHSiegeManager: Loaded 6 conquerable clan halls.
[06.06.18 11:57:28] INFO: AuctionManager: Loaded: 38 auction(s)
[06.06.18 11:57:28] INFO: ClanHallManager: Loaded: 0 clan halls
[06.06.18 11:57:28] INFO: ClanHallManager: Loaded: 38 free clan halls
[06.06.18 11:57:28] INFO: ----------------------------------------------------=[ NPCs ]
[06.06.18 11:57:28] INFO: HerbDropData: Loaded 9 herb groups.
[06.06.18 11:57:28] INFO: SkillLearnData: Loaded 256 Skill Learn data.
[06.06.18 11:57:29] INFO: NpcTable: Loaded 10465 (Custom: 41) NPC template(s).
[06.06.18 11:57:30] INFO: NpcTable: Loaded 103018 (Custom: 0) NPC skills.
[06.06.18 11:57:31] INFO: NpcTable: Loaded 44235 (Custom: 5) drops.
[06.06.18 11:57:31] INFO: NpcTable: Loaded 526 Minions.
[06.06.18 11:57:31] INFO: NpcTable: Loaded 10461 (Custom: 38) AI Data.
[06.06.18 11:57:31] INFO: NpcTable: Loaded 10460 (Custom: 1) Elementals Data.
[06.06.18 11:57:32] INFO: WalkingManager: Loaded 123 walking routes.
[06.06.18 11:57:32] INFO: StaticObjectsData: Loaded 51 StaticObject Templates.
[06.06.18 11:57:33] INFO: GrandBossManager: Queen Ant(29001) status is 0.
[06.06.18 11:57:33] INFO: GrandBossManager: Core(29006) status is 0.
[06.06.18 11:57:33] INFO: GrandBossManager: Orfen(29014) status is 0.
[06.06.18 11:57:33] INFO: GrandBossManager: Baium(29020) status is 0.
[06.06.18 11:57:33] INFO: GrandBossManager: Valakas(29028) status is 0.
[06.06.18 11:57:33] INFO: GrandBossManager: Andreas Van Halter(29062) status is 0.
[06.06.18 11:57:33] INFO: GrandBossManager: Antharas(29068) status is 0.
[06.06.18 11:57:33] INFO: GrandBossManager: Beleth(29118) status is 0.
[06.06.18 11:57:33] INFO: GrandBossManager: Loaded 8 Instances
[06.06.18 11:57:34] INFO: DoorData: Loaded 1301 Door Templates for 21 regions.
[06.06.18 11:57:38] INFO: ZoneManager: Loaded 29 zone classes and 2828 zones.
[06.06.18 11:57:38] INFO: ZoneManager: Loaded 0 NPC spawn territoriers.
[06.06.18 11:57:38] INFO: CastleManager: Loaded: 9 castles
[06.06.18 11:57:39] INFO: FortManager: Loaded: 21 fortress
[06.06.18 11:57:39] INFO: NpcBufferTable: Loaded 1 buffers and 10 skills.
[06.06.18 11:57:39] INFO: GrandBossManager: Initialized 10 Grand Boss Zones
[06.06.18 11:57:39] INFO: -----------------------------------------=[ Auction Manager ]
[06.06.18 11:57:39] INFO: ItemAuctionInstance: Loaded 82 item(s) and registered 1 auction(s) for instance 32320.
[06.06.18 11:57:39] INFO: ItemAuctionInstance: Schedule next auction 1 on 17:00:00 08.06.18 for instance 32320
[06.06.18 11:57:39] INFO: ItemAuctionInstance: Loaded 82 item(s) and registered 1 auction(s) for instance 32321.
[06.06.18 11:57:39] INFO: ItemAuctionInstance: Schedule next auction 2 on 17:00:00 11.06.18 for instance 32321
[06.06.18 11:57:39] INFO: ItemAuctionInstance: Loaded 82 item(s) and registered 1 auction(s) for instance 32322.
[06.06.18 11:57:39] INFO: ItemAuctionInstance: Schedule next auction 3 on 17:00:00 06.06.18 for instance 32322
[06.06.18 11:57:39] INFO: ItemAuctionManager: Loaded 3 instance(s).
[06.06.18 11:57:39] INFO: ------------------------------------------------=[ Olympiad ]
[06.06.18 11:57:39] INFO: Olympiad System: failed to load data from database, trying to load from file.
[06.06.18 11:57:39] INFO: Olympiad System: Loading Olympiad System....
[06.06.18 11:57:39] INFO: Olympiad System: Currently in Olympiad Period
[06.06.18 11:57:39] INFO: Olympiad System: Period ends at 01/07/2018 00:00
[06.06.18 11:57:39] INFO: Olympiad System: In 24 days, 12 hours and 2 mins.
[06.06.18 11:57:39] INFO: Olympiad System: Next Weekly Change is in....
[06.06.18 11:57:39] INFO: Olympiad System: In 6 days, 23 hours and 59 mins.
[06.06.18 11:57:39] INFO: Olympiad System: Loaded 0 Noblesses
[06.06.18 11:57:39] INFO: Olympiad System: Competition Period Starts in 0 days, 6 hours and 2 mins.
[06.06.18 11:57:39] INFO: Olympiad System: Event starts/started : Wed Jun 06 18:00:39 BRT 2018
[06.06.18 11:57:39] INFO: Olympiad System: Added weekly points to nobles
[06.06.18 11:57:39] INFO: Olympiad System: Reset weekly matches to nobles
[06.06.18 11:57:39] INFO: Hero System: Loaded 0 Heroes.
[06.06.18 11:57:39] INFO: Hero System: Loaded 0 all time Heroes.
[06.06.18 11:57:39] INFO: ---------------------------------------------=[ Seven Signs ]
[06.06.18 11:57:39] INFO: SevenSigns: Currently in the Competition (Quest Event) period!
[06.06.18 11:57:39] INFO: SevenSigns: The Seal of Avarice remains unclaimed.
[06.06.18 11:57:39] INFO: SevenSigns: The Seal of Gnosis remains unclaimed.
[06.06.18 11:57:39] INFO: SevenSigns: The Seal of Strife remains unclaimed.
[06.06.18 11:57:39] INFO: SevenSigns: The competition, if the current trend continues, will end in a tie this week.
[06.06.18 11:57:39] INFO: SevenSigns: Next period change set to Mon Jun 11 18:00:39 BRT 2018
[06.06.18 11:57:39] INFO: SevenSigns: Next period in 5 days 6 hours and 2 mins.
[06.06.18 11:57:39] INFO: ---------------------------------------------------=[ Cache ]
[06.06.18 11:57:39] INFO: Cache[HTML]: Running lazy cache
[06.06.18 11:57:39] INFO: CrestTable: Loaded 0 Crests.
[06.06.18 11:57:40] INFO: TeleportLocationTable: Loaded 957 Teleport Location Templates.
[06.06.18 11:57:40] INFO: UIData: Loaded 4 keys 5 categories.
[06.06.18 11:57:40] INFO: AugmentationData: Loaded: 33960 augmentations.
[06.06.18 11:57:40] INFO: AugmentationData: Loaded: 2754 accessory augmentations.
[06.06.18 11:57:40] INFO: CursedWeaponsManager: Loaded : 2 cursed weapon(s).
[06.06.18 11:57:43] INFO: TransformData: Loaded: 111 transform templates.
[06.06.18 11:57:43] WARN: TransformData: Folder C:\Users\Raaaa\Desktop\NAP H5\Sunrise Nova\game\data\xml\stats\transformations\custom doesn't exist!
[06.06.18 11:57:43] INFO: TransformData: Loaded 0 custom transform templates.
[06.06.18 11:57:43] INFO: BotReportTable: Loaded 0 bot reports
[06.06.18 11:57:43] INFO: -------------------------------------------------=[ Scripts ]
[06.06.18 11:57:43] INFO: AirShipManager: Loaded 0 private airships
[06.06.18 11:57:43] INFO: ----------------------------------------=[ Datapack Scripts ]
[06.06.18 11:58:17] INFO: BloodAltarsLoader: Loading related scripts.
[06.06.18 11:58:17] INFO: ConquerableHallsLoader: Loading related scripts.
[06.06.18 11:58:17] INFO: Devastated Castle: Wed Jun 20 12:00:00 BRT 2018
[06.06.18 11:58:17] INFO: Fortress of Resistance: Wed Jun 20 12:00:00 BRT 2018
[06.06.18 11:58:17] INFO: Fortresss of the Dead: Wed Jun 20 12:00:00 BRT 2018
[06.06.18 11:58:17] INFO: Rainbow Springs: Wed Jun 20 12:00:00 BRT 2018
[06.06.18 11:58:17] INFO: CustomsLoader: Loading related scripts.
[06.06.18 11:58:17] INFO: 5th Anniversary Event - OFF
[06.06.18 11:58:17] INFO: EventsLoader: Loading related scripts.
[06.06.18 11:58:18] INFO: FeaturesLoader: Loading related scripts.
[06.06.18 11:58:18] INFO: GraciaLoader: Loading related scripts.
[06.06.18 11:58:18] INFO: Seed of Destruction Manager: Loaded. Current stage is: 1
[06.06.18 11:58:18] INFO: SeedOfDestruction: Loaded 51 spawn zones data.
[06.06.18 11:58:18] INFO: SeedOfDestruction: Loaded 548 spawns data.
[06.06.18 11:58:18] INFO: GrandBossLoader: Loading related scripts.
[06.06.18 11:58:18] INFO: GrandBossManager: Updated Andreas Van Halter(29062) status to 0
[06.06.18 11:58:18] INFO: GroupTemplatesLoader: Loading related scripts.
[06.06.18 11:58:18] INFO: IndividualLoader: Loading related scripts.
[06.06.18 11:58:18] INFO: HellboundLoader: Loading related scripts.
[06.06.18 11:58:18] INFO: HellboundPointData: Loaded 47 trust point reward data.
[06.06.18 11:58:18] INFO: HellboundSpawns: Loaded 598 Hellbound spawns.
[06.06.18 11:58:18] INFO: HellboundEngine: Level: 0
[06.06.18 11:58:18] INFO: HellboundEngine: Trust: 0
[06.06.18 11:58:18] INFO: HellboundEngine: Status: locked.
[06.06.18 11:58:18] INFO: RaidBossSpawnManager: Loaded 187 Instances
[06.06.18 11:58:18] INFO: RaidBossSpawnManager: Scheduled 0 Instances
[06.06.18 11:58:19] INFO: InstanceLoader: Loading related scripts.
[06.06.18 11:58:19] INFO: MasterHandler: Loading related scripts.
[06.06.18 11:58:19] INFO: ActionHandler: Loaded 10 Handlers
[06.06.18 11:58:19] INFO: ActionShiftHandler: Loaded 6 Handlers
[06.06.18 11:58:19] INFO: AdminCommandHandler: Loaded 466 Handlers
[06.06.18 11:58:19] INFO: BypassHandler: Loaded 50 Handlers
[06.06.18 11:58:19] INFO: ChatHandler: Loaded 14 Handlers
[06.06.18 11:58:19] INFO: ItemHandler: Loaded 34 Handlers
[06.06.18 11:58:19] INFO: PunishmentHandler: Loaded 3 Handlers
[06.06.18 11:58:19] INFO: SkillHandler: Loaded 27 Handlers
[06.06.18 11:58:19] INFO: UserCommandHandler: Loaded 17 Handlers
[06.06.18 11:58:20] INFO: VoicedCommandHandler: Loaded 25 Handlers
[06.06.18 11:58:20] INFO: TargetHandler: Loaded 35 Handlers
[06.06.18 11:58:20] INFO: TelnetHandler: Loaded 20 Handlers
[06.06.18 11:58:20] INFO: ModifiersLoader: Loading related scripts.
[06.06.18 11:58:20] INFO: NpcLoader: Loading related scripts.
[06.06.18 11:58:20] INFO: NpcBuffersData: Loaded: 33 buffers data.
[06.06.18 11:58:20] INFO: QuestLoader: Loading related scripts.
[06.06.18 11:58:21] INFO: EnhanceYourWeapon: Loaded 54 Soul Crystal data.
[06.06.18 11:58:21] INFO: EnhanceYourWeapon: Loaded 243 npc Leveling info data.
[06.06.18 11:58:21] INFO: SunriseNpcsLoader: Loading related scripts.
[06.06.18 11:58:21] INFO: TeleportersLoader: Loading related scripts.
[06.06.18 11:58:21] INFO: VillageMastersLoader: Loading related scripts.
[06.06.18 11:58:21] INFO: ZonesLoader: Loading related scripts.
[06.06.18 11:58:21] INFO: Handy's Block Checker Event is enabled
[06.06.18 11:58:21] INFO: Fantasy Isle: Parade starting at 2018/06/06 13:20 and is scheduled each next 1 hours.
[06.06.18 11:58:21] INFO: GlobalLoader: Global scripts loaded in 4237 ms.
[06.06.18 11:58:22] INFO: Bandit StrongHold: Wed Jun 20 12:00:00 BRT 2018
[06.06.18 11:58:22] INFO: Beast Farm: Wed Jun 20 12:00:00 BRT 2018
[06.06.18 11:58:23] INFO: TerritoryWarSuperClass: Sun Jun 17 22:00:00 BRT 2018
[06.06.18 11:58:25] INFO: --------------------------------------------=[ Gracia Seeds ]
[06.06.18 11:58:25] INFO: Seed of Infinity Manager: Loaded. Current stage is: 1
[06.06.18 11:58:25] INFO: --------------------------------------------------=[ Spawns ]
[06.06.18 11:58:30] INFO: SpawnTable: Loaded 3947 npc spawns.
[06.06.18 11:58:30] INFO: SpawnTable: Loaded 17 custom npc spawns.
[06.06.18 11:58:30] INFO: SpawnTable: Loaded 1190 npc spawns from XML.
[06.06.18 11:58:30] INFO: DayNightSpawnManager: Removed 0 night creatures
[06.06.18 11:58:30] INFO: DayNightSpawnManager: Spawned 232 day creatures
[06.06.18 11:58:30] INFO: FourSepulchersManager: loaded 20 Mysterious-Box spawns.
[06.06.18 11:58:30] INFO: FourSepulchersManager: loaded 716 Physical monsters.
[06.06.18 11:58:30] INFO: FourSepulchersManager: loaded 716 Magical monsters.
[06.06.18 11:58:30] INFO: FourSepulchersManager: loaded 92 Church of duke monsters.
[06.06.18 11:58:30] INFO: FourSepulchersManager: loaded 68 Emperor's grave NPCs.
[06.06.18 11:58:30] INFO: FourSepulchersManager: spawned Conquerors' Sepulcher Manager
[06.06.18 11:58:30] INFO: FourSepulchersManager: spawned Emperors' Sepulcher Manager
[06.06.18 11:58:30] INFO: FourSepulchersManager: spawned Great Sages' Sepulcher Manager
[06.06.18 11:58:30] INFO: FourSepulchersManager: spawned Judges' Sepulcher Manager
[06.06.18 11:58:30] INFO: FourSepulchersManager: Beginning in WarmUp time
[06.06.18 11:58:30] INFO: DimensionalRiftManager: Loaded 7 room types with 56 rooms.
[06.06.18 11:58:30] INFO: DimensionalRiftManager: Loaded 462 dimensional rift spawns.
[06.06.18 11:58:30] INFO: ---------------------------------------------------=[ Siege ]
[06.06.18 11:58:30] INFO: Siege of Gludio: Sun Jun 17 16:00:00 BRT 2018
[06.06.18 11:58:30] INFO: Siege of Dion: Sun Jun 17 16:00:00 BRT 2018
[06.06.18 11:58:30] INFO: Siege of Giran: Sun Jun 17 16:00:00 BRT 2018
[06.06.18 11:58:30] INFO: Siege of Oren: Sun Jun 17 16:00:00 BRT 2018
[06.06.18 11:58:30] INFO: Siege of Aden: Sun Jun 17 16:00:00 BRT 2018
[06.06.18 11:58:30] INFO: Siege of Innadril: Sun Jun 17 20:00:00 BRT 2018
[06.06.18 11:58:30] INFO: Siege of Goddard: Sun Jun 17 20:00:00 BRT 2018
[06.06.18 11:58:30] INFO: Siege of Rune: Sun Jun 17 20:00:00 BRT 2018
[06.06.18 11:58:30] INFO: Siege of Schuttgart: Sun Jun 17 20:00:00 BRT 2018
[06.06.18 11:58:31] INFO: SiegeScheduleData: Loaded: 2 siege schedulers.
[06.06.18 11:58:31] INFO: CastleManorManager: Loaded 258 seeds.
[06.06.18 11:58:31] INFO: CastleManorManager: Manor data loaded.
[06.06.18 11:58:31] INFO: CastleManorManager: Period ends at 06/06/2018 20:00
[06.06.18 11:58:31] INFO: CastleManorManager: In 0 days, 8 hours and 1 mins.
[06.06.18 11:58:31] INFO: CastleManorManager: Next mode change: 06/06 20:00:00
[06.06.18 11:58:31] INFO: CastleManorManager: Current mode: APPROVED
[06.06.18 11:58:31] INFO: MercTicketManager: Loaded: 0 Mercenary Tickets
[06.06.18 11:58:31] INFO: QuestManager: Loaded: 528 quests.
[06.06.18 11:58:31] INFO: QuestManager: Loaded: 341 scripts.
[06.06.18 11:58:31] INFO: --------------------------------------------------=[ Others ]
[06.06.18 11:58:31] INFO: SevenSignsFestival: The first Festival of Darkness cycle begins in 2 minute(s).
[06.06.18 11:58:31] INFO: Event ID: (Squash Event) has passed... Ignored.
[06.06.18 11:58:31] INFO: FaenorScriptEngine: Loaded  SquashEvent.xml successfully.
[06.06.18 11:58:31] INFO: Event ID: (Valentines Event) has passed... Ignored.
[06.06.18 11:58:31] INFO: FaenorScriptEngine: Loaded  Valentines.xml successfully.
[06.06.18 11:58:31] INFO: TaskManager: Loaded: 15 Tasks
[06.06.18 11:58:31] INFO: PunishmentManager: Loaded 0 active and 0 expired punishments.
[06.06.18 11:58:31] INFO: --------------------------------------------=[ Event Engine ]
[06.06.18 11:58:31] INFO: Event Engine: Loaded GlobalConfigs engine.
[06.06.18 11:58:31] INFO: Event Engine: Debug messages are stored in 'log\EventEngine\EventEngine_detailed_1.log'
[06.06.18 11:58:31] INFO: Event Engine: Thanks for using a legal version.
[06.06.18 11:58:31] INFO: Event Engine: Loading engine version 2.2...
[06.06.18 11:58:31] INFO: Event Engine: Using HighFive interface (for engine v2.1).
[06.06.18 11:58:31] INFO: Event Engine: Loading Admin htmls from the jar file.
[06.06.18 11:58:31] INFO: Event Engine: Loaded 58 HTML files from event-engine.jar
[06.06.18 11:58:31] INFO: Event Engine: Loaded HTML manager.
[06.06.18 11:58:31] INFO: Event Engine: Loading events...
[06.06.18 11:58:31] INFO: Event Engine: Next event in 10 minutes.
[06.06.18 11:58:33] INFO: Event Engine: Loaded 14 main events.
[06.06.18 11:58:34] INFO: Event Engine: Loaded 5 mini event types.
[06.06.18 11:58:34] INFO: Event Engine: Loaded editable Event Description system.
[06.06.18 11:58:34] INFO: Event Engine: Processing en language -  version 2.21
[06.06.18 11:58:34] INFO: Event Engine: Loaded en language with 266 messages.
[06.06.18 11:58:34] INFO: Event Engine: Loaded 1 languages.
[06.06.18 11:58:34] INFO: Event Engine: Loaded 14 mini event modes.
[06.06.18 11:58:34] INFO: Event Engine: Loaded 395 configs for events.
[06.06.18 11:58:34] INFO: Event Engine: Event Engine: Loaded 66 EventMaps.
[06.06.18 11:58:34] INFO: Event Engine: Reward System Loaded.
[06.06.18 11:58:34] INFO: Event Engine: Loaded 14 main event InstanceTypes.
[06.06.18 11:58:34] INFO: Event Engine: Global statistics reloaded.
[06.06.18 11:58:34] INFO: Event Engine: Global statistics engine loaded.
[06.06.18 11:58:34] INFO: Event Engine: Loaded EventWarnings engine.
[06.06.18 11:58:34] INFO: Event Engine: Gear score engine - loaded 7718 items.
[06.06.18 11:58:34] INFO: Event Engine: Loaded PlayerValue engine.
[06.06.18 11:58:34] INFO: Event Engine: Version 2.2 successfully loaded.
[06.06.18 11:58:34] INFO: -----------------------------------------=[ Sunrise Systems ]
[06.06.18 11:58:34] INFO: Vote System: Enabled.
[06.06.18 11:58:34] INFO: Premium System: Enabled.
[06.06.18 11:58:34] INFO: Pc Bang Points: Enabled.
[06.06.18 11:58:34] INFO: Security System: Enabled.
[06.06.18 11:58:34] INFO: Restart: Next restart: Thu Jun 07 04:00:00 BRT 2018
[06.06.18 11:58:34] INFO: Auto Restart: Enabled.
[06.06.18 11:58:34] INFO: Repair Command: Enabled.
[06.06.18 11:58:34] INFO: Experience Command: Enabled.
[06.06.18 11:58:34] INFO: Top Lists Updater: Enabled.
[06.06.18 11:58:34] INFO: Auto Soul Shots: Enabled.
[06.06.18 11:58:34] INFO: Character Control Panel: Enabled.
[06.06.18 11:58:34] INFO: Achievements Engine: Loaded 12 achievements from xml!
[06.06.18 11:58:34] INFO: BuffsHolder: loaded 133 buffs(s) count.
[06.06.18 11:58:34] INFO: Loaded 241 teleports for the Custom Npcs-Items.
[06.06.18 11:58:34] ERROR: ImagesCache: Path data/sunrise/images/id_by_name doesn't exist!
[06.06.18 11:58:34] INFO: ImagesCache: Loaded 0 images (data/sunrise/images/id_by_name).
[06.06.18 11:58:34] INFO: GlobalImagesCache: Loaded 7 images (data/sunrise/images).
[06.06.18 11:58:34] INFO: LeaderBoards: Enabled.
[06.06.18 11:58:34] INFO: ArenaLeaderboard: Initialized
[06.06.18 11:58:34] INFO: FishermanLeaderboard: Initialized
[06.06.18 11:58:34] INFO: CraftLeaderboard: Initialized
[06.06.18 11:58:34] INFO: TvTLeaderboard: Disabled.
[06.06.18 11:58:34] INFO: Antibot Engine: Enabled.
[06.06.18 11:58:34] INFO: Antibot Farm Engine: Enabled.
[06.06.18 11:58:34] INFO: Antibot Enchant Engine: Disabled.
[06.06.18 11:58:34] INFO: RaidConfigsHolder: loaded 1 raid configs(s) count.
[06.06.18 11:58:34] INFO: RaidAndDropsHolder: loaded 2 raid and drops(s) count.
[06.06.18 11:58:34] INFO: RaidLocationsHolder: loaded 6 raid locations(s) count.
[06.06.18 11:58:34] INFO: RaidManager: Disabled.
[06.06.18 11:58:34] INFO: CoupleManager: Loaded: 0 couples(s)
[06.06.18 11:58:34] INFO: MailManager: Successfully loaded 0 messages.
[06.06.18 11:58:34] INFO: IdFactory: Free ObjectID's remaining: 1879002542
[06.06.18 11:58:34] INFO: OfflineTradersTable: Loaded: 0 offline trader(s)
[06.06.18 11:58:40] INFO: GameServer: Started, free memory 2367 Mb of 2731 Mb
[06.06.18 11:58:40] INFO: ArenaManager: Autotask init.
[06.06.18 11:58:40] INFO: FishManager: Autotask init.
[06.06.18 11:58:40] INFO: CraftManager: Autotask init.
[06.06.18 11:58:40] INFO: Connecting to login on 127.0.0.1:9014
[06.06.18 11:58:40] INFO: GameServer: is now listening on: *:7777
[06.06.18 11:58:40] INFO: Maximum Numbers of Connected players: 100
[06.06.18 11:58:40] INFO: Server loaded in 125 seconds.
[06.06.18 11:58:40] INFO: =====================================================
[06.06.18 11:58:40] INFO: Copyrights: .............: Sunrise-Team 2015-2017
[06.06.18 11:58:40] INFO: Project Owners: .........: vNeverMore
[06.06.18 11:58:40] INFO: Developers: .............: vGodFather
[06.06.18 11:58:40] INFO: Website: ................: www.L2jSunrise.com
[06.06.18 11:58:40] INFO: Website Owner-Dev: ......: vNeverMore
[06.06.18 11:58:40] INFO: Chronicle: ..............: High Five Part 5 (CT2.6)
[06.06.18 11:58:40] INFO: Sunrise Revision: .......: Final Edition
[06.06.18 11:58:40] INFO: Core Revision: ..........: 842 rev
[06.06.18 11:58:40] INFO: Data Revision: ..........: 760 rev
[06.06.18 11:58:40] INFO: +----
[06.06.18 11:58:40] INFO: | Global Memory Informations at 11:58:40:
[06.06.18 11:58:40] INFO: |    |
[06.06.18 11:58:40] INFO: | Allowed Memory: 2731 MB
[06.06.18 11:58:40] INFO: |    |= Allocated Memory: 808 MB (29,5862%)
[06.06.18 11:58:40] INFO: |    |= Non-Allocated Memory: 1923 MB (70,4138%)
[06.06.18 11:58:40] INFO: | Allocated Memory: 808 MB
[06.06.18 11:58:40] INFO: |    |= Used Memory: 391 MB (14,3171%)
[06.06.18 11:58:40] INFO: |    |= Unused (cached) Memory: 417 MB (15,2691%)
[06.06.18 11:58:40] INFO: | Useable Memory: 2340 MB (85,6829%)
[06.06.18 11:58:40] INFO: +----
[06.06.18 11:58:40] INFO: =====================================================
[06.06.18 11:58:40] INFO: ----------------------------------------------------=[ UPnP ]
[06.06.18 11:58:40] INFO: Looking for UPnP Gateway Devices...
[06.06.18 11:58:41] INFO: Registered on login as Server 1 : Bartz
[06.06.18 11:58:42] INFO: Using UPnP gateway: gvt-gateway
[06.06.18 11:58:42] INFO: Using local address: 192.168.25.189 External address: 177.157.138.25
[06.06.18 11:58:42] INFO: Mapping successfull on [192.168.25.189:7777]
[06.06.18 11:58:42] INFO: GameServer: Telnet server is currently disabled.
[06.06.18 11:59:04] INFO: TopListsUpdater: Data reloaded in 23 ms.
[06.06.18 12:00:00] INFO: DayNightSpawnManager: Removed 232 day creatures
[06.06.18 12:00:00] INFO: DayNightSpawnManager: Spawned 553 night creatures
[06.06.18 12:00:00] INFO: RaidBossSpawnManager: Spawning Night Raid Boss Eilhalder von Hellmann
[06.06.18 12:06:51] INFO: GlobalVariablesManager: Stored 5 variables.
[06.06.18 12:08:31] INFO: Event Engine: Trying to find an event to be started:
[06.06.18 12:26:26] INFO: Network Config: ipconfig.xml doesn't exists using automatic configuration...
[06.06.18 12:26:27] INFO: Network Config: Adding new subnet: 127.0.0.0/8 address: 127.0.0.1
[06.06.18 12:26:27] INFO: Network Config: Adding new subnet: 192.168.25.0/24 address: 192.168.25.189
[06.06.18 12:26:27] INFO: Network Config: Adding new subnet: 0.0.0.0/0 address: 177.157.141.147
[06.06.18 12:26:27] INFO: Loaded 6 Filter Words.
[06.06.18 12:26:27] INFO: Sunrise Configs Loaded...
[06.06.18 12:26:28] INFO: Updated characters online status.
[06.06.18 12:26:28] INFO: Cleaned up invalid Weddings.
[06.06.18 12:26:28] INFO: Cleaned 0 elements from database in 0 s
[06.06.18 12:26:28] INFO: Cleaned 0 expired timestamps from database.
[06.06.18 12:26:28] INFO: BitSetIDFactory: 102912 id's available.
[06.06.18 12:26:28] INFO: -------------------------------------------------=[ Engines ]
[06.06.18 12:26:28] INFO: Script Engine: Oracle Nashorn 1.8.0_171 - Language: ECMAScript - Language Version: ECMA - 262 Edition 5.1
[06.06.18 12:26:29] INFO: Script Engine: jython 2.2.1 - Language: python - Language Version: 2.2.1
[06.06.18 12:26:29] INFO: Script Engine: java 1.8 - Language: java - Language Version: 1.8
[06.06.18 12:26:29] INFO: -------------------------------------------------=[ Geodata ]
[06.06.18 12:26:30] INFO: ---------------------------------------------------=[ World ]
[06.06.18 12:26:30] INFO: GameTimeController: Started.
[06.06.18 12:26:30] INFO: InstanceManager: Multiverse Instance created.
[06.06.18 12:26:30] INFO: InstanceManager: Universe Instance created.
[06.06.18 12:26:30] INFO: InstanceManager: Loaded 160 instance names.
[06.06.18 12:26:30] INFO: L2World: (128 by 136) World Region Grid set up.
[06.06.18 12:26:30] INFO: MapRegionManager: Loaded 57 map regions.
[06.06.18 12:26:30] INFO: GlobalVariablesManager: Loaded 5 variables.
[06.06.18 12:26:30] INFO: ----------------------------------------------------=[ Data ]
[06.06.18 12:26:31] INFO: CategoryData: Loaded 124 Categories.
[06.06.18 12:26:31] INFO: SecondaryAuthData: Loaded 328 forbidden passwords.
[06.06.18 12:26:31] INFO: -------------------------------------------------=[ Effects ]
[06.06.18 12:26:34] INFO: EffectHandler: Loaded 148 Handlers
[06.06.18 12:26:34] INFO: ------------------------------------=[ Enchant Skill Groups ]
[06.06.18 12:26:34] INFO: EnchantSkillGroupsData: Loaded 4 groups and 90 routes.
[06.06.18 12:26:34] INFO: ---------------------------------------------=[ Skill Trees ]
[06.06.18 12:26:35] INFO: SkillTreesData: Loaded 17176 Class Skills.
[06.06.18 12:26:35] INFO: SkillTreesData: Loaded 76 Sub-Class Skills.
[06.06.18 12:26:35] INFO: SkillTreesData: Loaded 77 Transfer Skills.
[06.06.18 12:26:35] INFO: SkillTreesData: Loaded 117 Fishing Skills.
[06.06.18 12:26:35] INFO: SkillTreesData: Loaded 3 Collect Skills.
[06.06.18 12:26:35] INFO: SkillTreesData: Loaded 74 Pledge Skills.
[06.06.18 12:26:35] INFO: SkillTreesData: Loaded 18 Sub-Pledge Skills.
[06.06.18 12:26:35] INFO: SkillTreesData: Loaded 32 Transform Skills.
[06.06.18 12:26:35] INFO: SkillTreesData: Loaded 8 Noble Skills.
[06.06.18 12:26:35] INFO: SkillTreesData: Loaded 5 Hero Skills.
[06.06.18 12:26:35] INFO: SkillTreesData: Loaded 46 Game Master Skills.
[06.06.18 12:26:36] INFO: SkillTreesData: Loaded 46 Game Master Aura Skills.
[06.06.18 12:26:36] INFO: --------------------------------------------------=[ Skills ]
[06.06.18 12:26:43] INFO: DocumentEngine: Loaded 66008 Skill templates from XML files.
[06.06.18 12:26:43] INFO: SummonSkillsTable: Loaded 1891 skills.
[06.06.18 12:26:43] INFO: ---------------------------------------------------=[ Items ]
[06.06.18 15:03:28] INFO: Network Config: ipconfig.xml doesn't exists using automatic configuration...
[06.06.18 15:03:32] INFO: Network Config: Adding new subnet: 127.0.0.0/8 address: 127.0.0.1
[06.06.18 15:03:32] INFO: Network Config: Adding new subnet: 192.168.50.0/24 address: 192.168.50.65
[06.06.18 15:03:35] INFO: Network Config: Adding new subnet: 0.0.0.0/0 address: 201.0.120.104
[06.06.18 15:15:25] INFO: Network Config: ipconfig.xml doesn't exists using automatic configuration...
[06.06.18 15:15:25] INFO: Network Config: Adding new subnet: 127.0.0.0/8 address: 127.0.0.1
[06.06.18 15:15:26] INFO: Network Config: Adding new subnet: 192.168.50.0/24 address: 192.168.50.65
[06.06.18 15:15:26] INFO: Network Config: Adding new subnet: 0.0.0.0/0 address: 201.0.120.104
[06.06.18 15:15:26] INFO: Loaded 6 Filter Words.
[06.06.18 15:15:26] INFO: Sunrise Configs Loaded...
[06.06.18 15:15:26] INFO: Updated characters online status.
[06.06.18 15:15:26] INFO: Cleaned up invalid Weddings.
[06.06.18 15:15:26] INFO: Cleaned 0 elements from database in 0 s
[06.06.18 15:15:26] INFO: Cleaned 0 expired timestamps from database.
[06.06.18 15:15:26] INFO: BitSetIDFactory: 102912 id's available.
[06.06.18 15:15:26] INFO: -------------------------------------------------=[ Engines ]
[06.06.18 15:15:26] INFO: Script Engine: java 1.8 - Language: java - Language Version: 1.8
[06.06.18 15:15:27] INFO: Script Engine: jython 2.2.1 - Language: python - Language Version: 2.2.1
[06.06.18 15:15:27] INFO: Script Engine: Oracle Nashorn 1.8.0_171 - Language: ECMAScript - Language Version: ECMA - 262 Edition 5.1
[06.06.18 15:15:27] INFO: -------------------------------------------------=[ Geodata ]
[06.06.18 15:15:27] INFO: ---------------------------------------------------=[ World ]
[06.06.18 15:15:27] INFO: GameTimeController: Started.
[06.06.18 15:15:27] INFO: InstanceManager: Multiverse Instance created.
[06.06.18 15:15:27] INFO: InstanceManager: Universe Instance created.
[06.06.18 15:15:27] INFO: InstanceManager: Loaded 160 instance names.
[06.06.18 15:15:27] INFO: L2World: (128 by 136) World Region Grid set up.
[06.06.18 15:15:28] INFO: MapRegionManager: Loaded 57 map regions.
[06.06.18 15:15:28] INFO: GlobalVariablesManager: Loaded 5 variables.
[06.06.18 15:15:28] INFO: ----------------------------------------------------=[ Data ]
[06.06.18 15:15:28] INFO: CategoryData: Loaded 124 Categories.
[06.06.18 15:15:28] INFO: SecondaryAuthData: Loaded 328 forbidden passwords.
[06.06.18 15:15:28] INFO: -------------------------------------------------=[ Effects ]
[06.06.18 15:15:31] INFO: EffectHandler: Loaded 148 Handlers
[06.06.18 15:15:31] INFO: ------------------------------------=[ Enchant Skill Groups ]
[06.06.18 15:15:31] INFO: EnchantSkillGroupsData: Loaded 4 groups and 90 routes.
[06.06.18 15:15:31] INFO: ---------------------------------------------=[ Skill Trees ]
[06.06.18 15:15:32] INFO: SkillTreesData: Loaded 17176 Class Skills.
[06.06.18 15:15:32] INFO: SkillTreesData: Loaded 76 Sub-Class Skills.
[06.06.18 15:15:32] INFO: SkillTreesData: Loaded 77 Transfer Skills.
[06.06.18 15:15:32] INFO: SkillTreesData: Loaded 117 Fishing Skills.
[06.06.18 15:15:32] INFO: SkillTreesData: Loaded 3 Collect Skills.
[06.06.18 15:15:32] INFO: SkillTreesData: Loaded 74 Pledge Skills.
[06.06.18 15:15:32] INFO: SkillTreesData: Loaded 18 Sub-Pledge Skills.
[06.06.18 15:15:32] INFO: SkillTreesData: Loaded 32 Transform Skills.
[06.06.18 15:15:32] INFO: SkillTreesData: Loaded 8 Noble Skills.
[06.06.18 15:15:32] INFO: SkillTreesData: Loaded 5 Hero Skills.
[06.06.18 15:15:32] INFO: SkillTreesData: Loaded 46 Game Master Skills.
[06.06.18 15:15:32] INFO: SkillTreesData: Loaded 46 Game Master Aura Skills.
[06.06.18 15:15:32] INFO: --------------------------------------------------=[ Skills ]
[06.06.18 15:15:39] INFO: DocumentEngine: Loaded 66008 Skill templates from XML files.
[06.06.18 15:15:39] INFO: SummonSkillsTable: Loaded 1891 skills.
[06.06.18 15:15:39] INFO: ---------------------------------------------------=[ Items ]
[06.06.18 15:15:41] INFO: ItemData: Highest item id used:50105
[06.06.18 15:15:41] INFO: ItemData: Loaded: 11495 Etc Items
[06.06.18 15:15:41] INFO: ItemData: Loaded: 3844 Armor Items
[06.06.18 15:15:41] INFO: ItemData: Loaded: 3893 Weapon Items
[06.06.18 15:15:41] INFO: ItemData: Loaded: 19232 Items in total.
[06.06.18 15:15:41] INFO: EnchantItemGroupsData: Loaded: 4 item group templates.
[06.06.18 15:15:41] INFO: EnchantItemGroupsData: Loaded: 1 scroll group templates.
[06.06.18 15:15:41] INFO: EnchantItemData: Loaded 67 Enchant Scrolls.
[06.06.18 15:15:41] INFO: EnchantItemData: Loaded 20 Support Items.
[06.06.18 15:15:41] INFO: EnchantItemOptionsData: Loaded: 23 Items and 1093 Options.
[06.06.18 15:15:44] INFO: OptionData: Loaded: 24985 Options.
[06.06.18 15:15:44] INFO: EnchantItemHPBonusData: Loaded 6 Enchant HP Bonuses.
[06.06.18 15:15:44] INFO: MerchantPriceConfigData: Loaded 28 merchant price configs.
[06.06.18 15:15:48] WARN: BuyListData: Folder C:\Users\Raaaa\Desktop\NAP H5\Sunrise Nova\game\data\xml\buylists\custom doesn't exist!
[06.06.18 15:15:48] INFO: BuyListData: Loaded 760 BuyLists.
[06.06.18 15:15:51] INFO: MultisellData: Loaded 338 multisell lists.
[06.06.18 15:15:51] INFO: RecipeData: Loaded 1000 recipes.
[06.06.18 15:15:51] INFO: ArmorSetsData: Loaded 198 Armor sets.
[06.06.18 15:15:51] INFO: FishData: Loaded 278 Fishes.
[06.06.18 15:15:51] INFO: FishingMonstersData: Loaded 8 Fishing Monsters.
[06.06.18 15:15:51] INFO: FishingRodsData: Loaded 6 Fishing Rods.
[06.06.18 15:15:51] INFO: HennaData: Loaded 180 Henna data.
[06.06.18 15:15:51] INFO: -------------------------------------------=[ Product Items ]
[06.06.18 15:15:51] INFO: ProductItemData: Loaded 1005 items for Item Mall.
[06.06.18 15:15:51] INFO: ----------------------------------------------=[ Characters ]
[06.06.18 15:15:51] INFO: ClassListData: Loaded 107 Class data.
[06.06.18 15:15:51] INFO: InitialEquipmentData: Loaded 11 Initial Equipment data.
[06.06.18 15:15:51] INFO: InitialShortcutData: Loaded 5 Initial Global Shortcuts data.
[06.06.18 15:15:51] INFO: InitialShortcutData: Loaded 4 Initial Shortcuts data.
[06.06.18 15:15:51] INFO: InitialShortcutData: Loaded 0 Macros presets.
[06.06.18 15:15:51] INFO: ExperienceData: Loaded 87 levels.
[06.06.18 15:15:51] INFO: ExperienceData: Max Player Level is: 85
[06.06.18 15:15:51] INFO: ExperienceData: Max Pet Level is: 86
[06.06.18 15:15:52] INFO: KarmaData: Loaded 85 karma modifiers.
[06.06.18 15:15:52] INFO: HitConditionBonusData: Loaded Hit Condition bonuses.
[06.06.18 15:15:52] INFO: PlayerTemplateData: Loaded 103 character templates.
[06.06.18 15:15:52] INFO: PlayerTemplateData: Loaded 52530 level up gain records.
[06.06.18 15:15:52] INFO: CharNameTable: Loaded 0 char names.
[06.06.18 15:15:53] INFO: AdminData: Loaded: 10 Access Levels.
[06.06.18 15:15:53] INFO: AdminData: Loaded: 453 Access Commands.
[06.06.18 15:15:53] INFO: RaidBossPointsManager: Loaded 0 Characters Raid Points.
[06.06.18 15:15:53] INFO: PetData: Loaded 52 Pets.
[06.06.18 15:15:53] INFO: ---------------------------------------------------=[ Clans ]
[06.06.18 15:15:53] INFO: Loaded 4 forums. Last forum id used: 4
[06.06.18 15:15:53] INFO: ClanTable: Restored 0 clans from the database.
[06.06.18 15:15:53] INFO: CHSiegeManager: Loaded 6 conquerable clan halls.
[06.06.18 15:15:53] INFO: AuctionManager: Loaded: 38 auction(s)
[06.06.18 15:15:53] INFO: ClanHallManager: Loaded: 0 clan halls
[06.06.18 15:15:53] INFO: ClanHallManager: Loaded: 38 free clan halls
[06.06.18 15:15:53] INFO: ----------------------------------------------------=[ NPCs ]
[06.06.18 15:15:53] INFO: HerbDropData: Loaded 9 herb groups.
[06.06.18 15:15:53] INFO: SkillLearnData: Loaded 256 Skill Learn data.
[06.06.18 15:15:54] INFO: NpcTable: Loaded 10465 (Custom: 41) NPC template(s).
[06.06.18 15:15:54] INFO: NpcTable: Loaded 103018 (Custom: 15) NPC skills.
[06.06.18 15:15:55] INFO: NpcTable: Loaded 44235 (Custom: 5) drops.
[06.06.18 15:15:55] INFO: NpcTable: Loaded 526 Minions.
[06.06.18 15:15:55] INFO: NpcTable: Loaded 10461 (Custom: 38) AI Data.
[06.06.18 15:15:55] INFO: NpcTable: Loaded 10460 (Custom: 1) Elementals Data.
[06.06.18 15:15:55] INFO: WalkingManager: Loaded 123 walking routes.
[06.06.18 15:15:55] INFO: StaticObjectsData: Loaded 51 StaticObject Templates.
[06.06.18 15:15:55] INFO: GrandBossManager: Queen Ant(29001) status is 0.
[06.06.18 15:15:55] INFO: GrandBossManager: Core(29006) status is 0.
[06.06.18 15:15:55] INFO: GrandBossManager: Orfen(29014) status is 0.
[06.06.18 15:15:55] INFO: GrandBossManager: Baium(29020) status is 0.
[06.06.18 15:15:55] INFO: GrandBossManager: Valakas(29028) status is 0.
[06.06.18 15:15:55] INFO: GrandBossManager: Andreas Van Halter(29062) status is 0.
[06.06.18 15:15:55] INFO: GrandBossManager: Antharas(29068) status is 0.
[06.06.18 15:15:55] INFO: GrandBossManager: Beleth(29118) status is 0.
[06.06.18 15:15:55] INFO: GrandBossManager: Loaded 8 Instances
[06.06.18 15:15:56] INFO: DoorData: Loaded 1301 Door Templates for 21 regions.
[06.06.18 15:15:58] INFO: ZoneManager: Loaded 29 zone classes and 2828 zones.
[06.06.18 15:15:58] INFO: ZoneManager: Loaded 0 NPC spawn territoriers.
[06.06.18 15:15:58] INFO: CastleManager: Loaded: 9 castles
[06.06.18 15:15:58] INFO: FortManager: Loaded: 21 fortress
[06.06.18 15:15:58] INFO: NpcBufferTable: Loaded 1 buffers and 10 skills.
[06.06.18 15:15:58] INFO: GrandBossManager: Initialized 10 Grand Boss Zones
[06.06.18 15:15:58] INFO: -----------------------------------------=[ Auction Manager ]
[06.06.18 15:15:58] INFO: ItemAuctionInstance: Loaded 82 item(s) and registered 1 auction(s) for instance 32320.
[06.06.18 15:15:58] INFO: ItemAuctionInstance: Schedule next auction 1 on 17:00:00 08.06.18 for instance 32320
[06.06.18 15:15:58] INFO: ItemAuctionInstance: Loaded 82 item(s) and registered 1 auction(s) for instance 32321.
[06.06.18 15:15:58] INFO: ItemAuctionInstance: Schedule next auction 2 on 17:00:00 11.06.18 for instance 32321
[06.06.18 15:15:58] INFO: ItemAuctionInstance: Loaded 82 item(s) and registered 1 auction(s) for instance 32322.
[06.06.18 15:15:58] INFO: ItemAuctionInstance: Schedule next auction 3 on 17:00:00 06.06.18 for instance 32322
[06.06.18 15:15:58] INFO: ItemAuctionManager: Loaded 3 instance(s).
[06.06.18 15:15:58] INFO: ------------------------------------------------=[ Olympiad ]
[06.06.18 15:15:58] INFO: Olympiad System: failed to load data from database, trying to load from file.
[06.06.18 15:15:58] INFO: Olympiad System: Loading Olympiad System....
[06.06.18 15:15:58] INFO: Olympiad System: Currently in Olympiad Period
[06.06.18 15:15:58] INFO: Olympiad System: Period ends at 01/07/2018 00:00
[06.06.18 15:15:58] INFO: Olympiad System: In 24 days, 8 hours and 44 mins.
[06.06.18 15:15:58] INFO: Olympiad System: Next Weekly Change is in....
[06.06.18 15:15:58] INFO: Olympiad System: In 6 days, 23 hours and 59 mins.
[06.06.18 15:15:58] INFO: Olympiad System: Loaded 0 Noblesses
[06.06.18 15:15:58] INFO: Olympiad System: Competition Period Starts in 0 days, 2 hours and 44 mins.
[06.06.18 15:15:58] INFO: Olympiad System: Event starts/started : Wed Jun 06 18:00:58 BRT 2018
[06.06.18 15:15:58] INFO: Olympiad System: Added weekly points to nobles
[06.06.18 15:15:58] INFO: Olympiad System: Reset weekly matches to nobles
[06.06.18 15:15:58] INFO: Hero System: Loaded 0 Heroes.
[06.06.18 15:15:58] INFO: Hero System: Loaded 0 all time Heroes.
[06.06.18 15:15:58] INFO: ---------------------------------------------=[ Seven Signs ]
[06.06.18 15:15:58] INFO: SevenSigns: Currently in the Competition (Quest Event) period!
[06.06.18 15:15:58] INFO: SevenSigns: The Seal of Avarice remains unclaimed.
[06.06.18 15:15:58] INFO: SevenSigns: The Seal of Gnosis remains unclaimed.
[06.06.18 15:15:58] INFO: SevenSigns: The Seal of Strife remains unclaimed.
[06.06.18 15:15:58] INFO: SevenSigns: The competition, if the current trend continues, will end in a tie this week.
[06.06.18 15:15:58] INFO: SevenSigns: Next period change set to Mon Jun 11 18:00:58 BRT 2018
[06.06.18 15:15:58] INFO: SevenSigns: Next period in 5 days 2 hours and 44 mins.
[06.06.18 15:15:58] INFO: ---------------------------------------------------=[ Cache ]
[06.06.18 15:15:58] INFO: Cache[HTML]: Running lazy cache
[06.06.18 15:15:58] INFO: CrestTable: Loaded 0 Crests.
[06.06.18 15:15:58] INFO: TeleportLocationTable: Loaded 957 Teleport Location Templates.
[06.06.18 15:15:58] INFO: UIData: Loaded 4 keys 5 categories.
[06.06.18 15:15:58] INFO: AugmentationData: Loaded: 33960 augmentations.
[06.06.18 15:15:58] INFO: AugmentationData: Loaded: 2754 accessory augmentations.
[06.06.18 15:15:58] INFO: CursedWeaponsManager: Loaded : 2 cursed weapon(s).
[06.06.18 15:15:59] INFO: TransformData: Loaded: 111 transform templates.
[06.06.18 15:15:59] WARN: TransformData: Folder C:\Users\Raaaa\Desktop\NAP H5\Sunrise Nova\game\data\xml\stats\transformations\custom doesn't exist!
[06.06.18 15:15:59] INFO: TransformData: Loaded 0 custom transform templates.
[06.06.18 15:15:59] INFO: BotReportTable: Loaded 0 bot reports
[06.06.18 15:15:59] INFO: -------------------------------------------------=[ Scripts ]
[06.06.18 15:15:59] INFO: AirShipManager: Loaded 0 private airships
[06.06.18 15:15:59] INFO: ----------------------------------------=[ Datapack Scripts ]
[06.06.18 15:16:17] INFO: BloodAltarsLoader: Loading related scripts.
[06.06.18 15:16:17] INFO: ConquerableHallsLoader: Loading related scripts.
[06.06.18 15:16:17] INFO: Devastated Castle: Wed Jun 20 12:00:00 BRT 2018
[06.06.18 15:16:17] INFO: Fortress of Resistance: Wed Jun 20 12:00:00 BRT 2018
[06.06.18 15:16:17] INFO: Fortresss of the Dead: Wed Jun 20 12:00:00 BRT 2018
[06.06.18 15:16:17] INFO: Rainbow Springs: Wed Jun 20 12:00:00 BRT 2018
[06.06.18 15:16:17] INFO: CustomsLoader: Loading related scripts.
[06.06.18 15:16:17] INFO: 5th Anniversary Event - OFF
[06.06.18 15:16:17] INFO: EventsLoader: Loading related scripts.
[06.06.18 15:16:17] INFO: FeaturesLoader: Loading related scripts.
[06.06.18 15:16:17] INFO: GraciaLoader: Loading related scripts.
[06.06.18 15:16:17] INFO: Seed of Destruction Manager: Loaded. Current stage is: 1
[06.06.18 15:16:17] INFO: SeedOfDestruction: Loaded 51 spawn zones data.
[06.06.18 15:16:17] INFO: SeedOfDestruction: Loaded 548 spawns data.
[06.06.18 15:16:17] INFO: GrandBossLoader: Loading related scripts.
[06.06.18 15:16:17] INFO: GrandBossManager: Updated Andreas Van Halter(29062) status to 0
[06.06.18 15:16:17] INFO: GroupTemplatesLoader: Loading related scripts.
[06.06.18 15:16:18] INFO: IndividualLoader: Loading related scripts.
[06.06.18 15:16:18] INFO: HellboundLoader: Loading related scripts.
[06.06.18 15:16:18] INFO: HellboundPointData: Loaded 47 trust point reward data.
[06.06.18 15:16:18] INFO: HellboundSpawns: Loaded 598 Hellbound spawns.
[06.06.18 15:16:18] INFO: HellboundEngine: Level: 0
[06.06.18 15:16:18] INFO: HellboundEngine: Trust: 0
[06.06.18 15:16:18] INFO: HellboundEngine: Status: locked.
[06.06.18 15:16:18] INFO: RaidBossSpawnManager: Loaded 187 Instances
[06.06.18 15:16:18] INFO: RaidBossSpawnManager: Scheduled 0 Instances
[06.06.18 15:16:18] INFO: InstanceLoader: Loading related scripts.
[06.06.18 15:16:18] INFO: MasterHandler: Loading related scripts.
[06.06.18 15:16:18] INFO: ActionHandler: Loaded 10 Handlers
[06.06.18 15:16:18] INFO: ActionShiftHandler: Loaded 6 Handlers
[06.06.18 15:16:18] INFO: AdminCommandHandler: Loaded 466 Handlers
[06.06.18 15:16:18] INFO: BypassHandler: Loaded 50 Handlers
[06.06.18 15:16:18] INFO: ChatHandler: Loaded 14 Handlers
[06.06.18 15:16:18] INFO: ItemHandler: Loaded 33 Handlers
[06.06.18 15:16:18] INFO: PunishmentHandler: Loaded 3 Handlers
[06.06.18 15:16:18] INFO: SkillHandler: Loaded 27 Handlers
[06.06.18 15:16:18] INFO: UserCommandHandler: Loaded 17 Handlers
[06.06.18 15:16:18] INFO: VoicedCommandHandler: Loaded 24 Handlers
[06.06.18 15:16:18] INFO: TargetHandler: Loaded 35 Handlers
[06.06.18 15:16:18] INFO: TelnetHandler: Loaded 20 Handlers
[06.06.18 15:16:18] INFO: ModifiersLoader: Loading related scripts.
[06.06.18 15:16:18] INFO: NpcLoader: Loading related scripts.
[06.06.18 15:16:18] INFO: NpcBuffersData: Loaded: 33 buffers data.
[06.06.18 15:16:18] INFO: QuestLoader: Loading related scripts.
[06.06.18 15:16:18] INFO: EnhanceYourWeapon: Loaded 54 Soul Crystal data.
[06.06.18 15:16:18] INFO: EnhanceYourWeapon: Loaded 243 npc Leveling info data.
[06.06.18 15:16:19] INFO: SunriseNpcsLoader: Loading related scripts.
[06.06.18 15:16:19] INFO: TeleportersLoader: Loading related scripts.
[06.06.18 15:16:19] INFO: VillageMastersLoader: Loading related scripts.
[06.06.18 15:16:19] INFO: ZonesLoader: Loading related scripts.
[06.06.18 15:16:19] INFO: Handy's Block Checker Event is enabled
[06.06.18 15:16:19] INFO: Fantasy Isle: Parade starting at 2018/06/06 17:20 and is scheduled each next 1 hours.
[06.06.18 15:16:19] INFO: GlobalLoader: Global scripts loaded in 1755 ms.
[06.06.18 15:16:19] INFO: Bandit StrongHold: Wed Jun 20 12:00:00 BRT 2018
[06.06.18 15:16:19] INFO: Beast Farm: Wed Jun 20 12:00:00 BRT 2018
[06.06.18 15:16:20] INFO: TerritoryWarSuperClass: Sun Jun 17 22:00:00 BRT 2018
[06.06.18 15:16:21] INFO: --------------------------------------------=[ Gracia Seeds ]
[06.06.18 15:16:21] INFO: Seed of Infinity Manager: Loaded. Current stage is: 1
[06.06.18 15:16:21] INFO: --------------------------------------------------=[ Spawns ]
[06.06.18 15:16:21] INFO: SpawnTable: Loaded 3949 npc spawns.
[06.06.18 15:16:21] INFO: SpawnTable: Loaded 17 custom npc spawns.
[06.06.18 15:16:22] INFO: SpawnTable: Loaded 1190 npc spawns from XML.
[06.06.18 15:16:22] INFO: DayNightSpawnManager: Removed 0 night creatures
[06.06.18 15:16:22] INFO: DayNightSpawnManager: Spawned 232 day creatures
[06.06.18 15:16:22] INFO: FourSepulchersManager: loaded 20 Mysterious-Box spawns.
[06.06.18 15:16:22] INFO: FourSepulchersManager: loaded 716 Physical monsters.
[06.06.18 15:16:22] INFO: FourSepulchersManager: loaded 716 Magical monsters.
[06.06.18 15:16:22] INFO: FourSepulchersManager: loaded 92 Church of duke monsters.
[06.06.18 15:16:22] INFO: FourSepulchersManager: loaded 68 Emperor's grave NPCs.
[06.06.18 15:16:22] INFO: FourSepulchersManager: spawned Conquerors' Sepulcher Manager
[06.06.18 15:16:22] INFO: FourSepulchersManager: spawned Emperors' Sepulcher Manager
[06.06.18 15:16:22] INFO: FourSepulchersManager: spawned Great Sages' Sepulcher Manager
[06.06.18 15:16:22] INFO: FourSepulchersManager: spawned Judges' Sepulcher Manager
[06.06.18 15:16:22] INFO: FourSepulchersManager: Beginning in Attack time
[06.06.18 15:16:22] INFO: DimensionalRiftManager: Loaded 7 room types with 56 rooms.
[06.06.18 15:16:22] INFO: DimensionalRiftManager: Loaded 462 dimensional rift spawns.
[06.06.18 15:16:22] INFO: ---------------------------------------------------=[ Siege ]
[06.06.18 15:16:22] INFO: Siege of Gludio: Sun Jun 17 16:00:00 BRT 2018
[06.06.18 15:16:22] INFO: Siege of Dion: Sun Jun 17 16:00:00 BRT 2018
[06.06.18 15:16:22] INFO: Siege of Giran: Sun Jun 17 16:00:00 BRT 2018
[06.06.18 15:16:22] INFO: Siege of Oren: Sun Jun 17 16:00:00 BRT 2018
[06.06.18 15:16:22] INFO: Siege of Aden: Sun Jun 17 16:00:00 BRT 2018
[06.06.18 15:16:22] INFO: Siege of Innadril: Sun Jun 17 20:00:00 BRT 2018
[06.06.18 15:16:22] INFO: Siege of Goddard: Sun Jun 17 20:00:00 BRT 2018
[06.06.18 15:16:22] INFO: Siege of Rune: Sun Jun 17 20:00:00 BRT 2018
[06.06.18 15:16:22] INFO: Siege of Schuttgart: Sun Jun 17 20:00:00 BRT 2018
[06.06.18 15:16:22] INFO: SiegeScheduleData: Loaded: 2 siege schedulers.
[06.06.18 15:16:22] INFO: CastleManorManager: Manor system is deactivated.
[06.06.18 15:16:22] INFO: MercTicketManager: Loaded: 0 Mercenary Tickets
[06.06.18 15:16:22] INFO: QuestManager: Loaded: 528 quests.
[06.06.18 15:16:22] INFO: QuestManager: Loaded: 341 scripts.
[06.06.18 15:16:22] INFO: --------------------------------------------------=[ Others ]
[06.06.18 15:16:22] INFO: SevenSignsFestival: The first Festival of Darkness cycle begins in 2 minute(s).
[06.06.18 15:16:22] INFO: Event ID: (Squash Event) has passed... Ignored.
[06.06.18 15:16:22] INFO: FaenorScriptEngine: Loaded  SquashEvent.xml successfully.
[06.06.18 15:16:22] INFO: Event ID: (Valentines Event) has passed... Ignored.
[06.06.18 15:16:22] INFO: FaenorScriptEngine: Loaded  Valentines.xml successfully.
[06.06.18 15:16:22] INFO: TaskManager: Loaded: 15 Tasks
[06.06.18 15:16:22] INFO: PunishmentManager: Loaded 0 active and 0 expired punishments.
[06.06.18 15:16:22] INFO: --------------------------------------------=[ Event Engine ]
[06.06.18 15:16:22] INFO: Event Engine: Loaded GlobalConfigs engine.
[06.06.18 15:16:22] INFO: Event Engine: Debug messages are stored in 'log\EventEngine\EventEngine_detailed_1.log'
[06.06.18 15:16:22] INFO: Event Engine: Thanks for using a legal version.
[06.06.18 15:16:22] INFO: Event Engine: Loading engine version 2.2...
[06.06.18 15:16:22] INFO: Event Engine: Using HighFive interface (for engine v2.1).
[06.06.18 15:16:22] INFO: Event Engine: Loading Admin htmls from the jar file.
[06.06.18 15:16:23] INFO: Event Engine: Loaded 58 HTML files from event-engine.jar
[06.06.18 15:16:23] INFO: Event Engine: Loaded HTML manager.
[06.06.18 15:16:24] INFO: Event Engine: Loading events...
[06.06.18 15:16:24] INFO: Event Engine: Next event in 10 minutes.
[06.06.18 15:16:24] INFO: Event Engine: Loaded 14 main events.
[06.06.18 15:16:24] INFO: Event Engine: Loaded 5 mini event types.
[06.06.18 15:16:24] INFO: Event Engine: Loaded editable Event Description system.
[06.06.18 15:16:24] INFO: Event Engine: Processing en language -  version 2.21
[06.06.18 15:16:24] INFO: Event Engine: Loaded en language with 266 messages.
[06.06.18 15:16:24] INFO: Event Engine: Loaded 1 languages.
[06.06.18 15:16:24] INFO: Event Engine: Loaded 14 mini event modes.
[06.06.18 15:16:24] INFO: Event Engine: Loaded 395 configs for events.
[06.06.18 15:16:24] INFO: Event Engine: Event Engine: Loaded 66 EventMaps.
[06.06.18 15:16:24] INFO: Event Engine: Reward System Loaded.
[06.06.18 15:16:24] INFO: Event Engine: Loaded 14 main event InstanceTypes.
[06.06.18 15:16:24] INFO: Event Engine: Global statistics reloaded.
[06.06.18 15:16:24] INFO: Event Engine: Global statistics engine loaded.
[06.06.18 15:16:24] INFO: Event Engine: Loaded EventWarnings engine.
[06.06.18 15:16:24] INFO: Event Engine: Gear score engine - loaded 7737 items.
[06.06.18 15:16:24] INFO: Event Engine: Loaded PlayerValue engine.
[06.06.18 15:16:24] INFO: Event Engine: Version 2.2 successfully loaded.
[06.06.18 15:16:24] INFO: -----------------------------------------=[ Sunrise Systems ]
[06.06.18 15:16:24] INFO: Vote System: Enabled.
[06.06.18 15:16:24] INFO: Premium System: Enabled.
[06.06.18 15:16:24] INFO: Security System: Enabled.
[06.06.18 15:16:24] INFO: Restart: Next restart: Thu Jun 07 04:00:00 BRT 2018
[06.06.18 15:16:24] INFO: Auto Restart: Enabled.
[06.06.18 15:16:24] INFO: Repair Command: Enabled.
[06.06.18 15:16:24] INFO: Experience Command: Enabled.
[06.06.18 15:16:24] INFO: Top Lists Updater: Enabled.
[06.06.18 15:16:24] INFO: Auto Soul Shots: Enabled.
[06.06.18 15:16:24] INFO: Character Control Panel: Enabled.
[06.06.18 15:16:24] INFO: Achievements Engine: Loaded 12 achievements from xml!
[06.06.18 15:16:24] INFO: BuffsHolder: loaded 133 buffs(s) count.
[06.06.18 15:16:24] INFO: Loaded 241 teleports for the Custom Npcs-Items.
[06.06.18 15:16:24] ERROR: ImagesCache: Path data/sunrise/images/id_by_name doesn't exist!
[06.06.18 15:16:24] INFO: ImagesCache: Loaded 0 images (data/sunrise/images/id_by_name).
[06.06.18 15:16:24] INFO: GlobalImagesCache: Loaded 7 images (data/sunrise/images).
[06.06.18 15:16:24] INFO: LeaderBoards: Enabled.
[06.06.18 15:16:24] INFO: ArenaLeaderboard: Initialized
[06.06.18 15:16:24] INFO: FishermanLeaderboard: Disabled.
[06.06.18 15:16:24] INFO: CraftLeaderboard: Initialized
[06.06.18 15:16:24] INFO: TvTLeaderboard: Disabled.
[06.06.18 15:16:24] INFO: Antibot Engine: Enabled.
[06.06.18 15:16:24] INFO: Antibot Farm Engine: Enabled.
[06.06.18 15:16:24] INFO: Antibot Enchant Engine: Disabled.
[06.06.18 15:16:24] INFO: RaidConfigsHolder: loaded 1 raid configs(s) count.
[06.06.18 15:16:24] INFO: RaidAndDropsHolder: loaded 2 raid and drops(s) count.
[06.06.18 15:16:24] INFO: RaidLocationsHolder: loaded 6 raid locations(s) count.
[06.06.18 15:16:24] INFO: RaidManager: Disabled.
[06.06.18 15:16:24] INFO: CoupleManager: Loaded: 0 couples(s)
[06.06.18 15:16:24] INFO: MailManager: Successfully loaded 0 messages.
[06.06.18 15:16:24] INFO: IdFactory: Free ObjectID's remaining: 1879002474
[06.06.18 15:16:24] INFO: OfflineTradersTable: Loaded: 0 offline trader(s)
[06.06.18 15:16:26] INFO: GameServer: Started, free memory 2356 Mb of 2731 Mb
[06.06.18 15:16:26] INFO: ArenaManager: Autotask init.
[06.06.18 15:16:26] INFO: CraftManager: Autotask init.
[06.06.18 15:16:26] INFO: Connecting to login on 127.0.0.1:9014
[06.06.18 15:16:27] INFO: GameServer: is now listening on: *:7777
[06.06.18 15:16:27] INFO: Maximum Numbers of Connected players: 100
[06.06.18 15:16:27] INFO: Server loaded in 60 seconds.
[06.06.18 15:16:27] INFO: =====================================================
[06.06.18 15:16:27] INFO: Copyrights: .............: Sunrise-Team 2015-2017
[06.06.18 15:16:27] INFO: Project Owners: .........: vNeverMore
[06.06.18 15:16:27] INFO: Developers: .............: vGodFather
[06.06.18 15:16:27] INFO: Website: ................: www.L2jSunrise.com
[06.06.18 15:16:27] INFO: Website Owner-Dev: ......: vNeverMore
[06.06.18 15:16:27] INFO: Chronicle: ..............: High Five Part 5 (CT2.6)
[06.06.18 15:16:27] INFO: Sunrise Revision: .......: Final Edition
[06.06.18 15:16:27] INFO: Core Revision: ..........: 842 rev
[06.06.18 15:16:27] INFO: Data Revision: ..........: 760 rev
[06.06.18 15:16:27] INFO: +----
[06.06.18 15:16:27] INFO: | Global Memory Informations at 15:16:27:
[06.06.18 15:16:27] INFO: |    |
[06.06.18 15:16:27] INFO: | Allowed Memory: 2731 MB
[06.06.18 15:16:27] INFO: |    |= Allocated Memory: 1031 MB (37,7517%)
[06.06.18 15:16:27] INFO: |    |= Non-Allocated Memory: 1700 MB (62,2483%)
[06.06.18 15:16:27] INFO: | Allocated Memory: 1031 MB
[06.06.18 15:16:27] INFO: |    |= Used Memory: 408 MB (14,9396%)
[06.06.18 15:16:27] INFO: |    |= Unused (cached) Memory: 623 MB (22,8122%)
[06.06.18 15:16:27] INFO: | Useable Memory: 2323 MB (85,0604%)
[06.06.18 15:16:27] INFO: +----
[06.06.18 15:16:27] INFO: =====================================================
[06.06.18 15:16:27] INFO: ----------------------------------------------------=[ UPnP ]
[06.06.18 15:16:27] INFO: Looking for UPnP Gateway Devices...
[06.06.18 15:16:27] INFO: Registered on login as Server 1 : Bartz
[06.06.18 15:16:27] INFO: Using UPnP gateway: RT-AC51U
[06.06.18 15:16:27] INFO: Using local address: 192.168.50.65 External address: 192.168.1.36
[06.06.18 15:16:27] INFO: Mapping successfull on [192.168.50.65:7777]
[06.06.18 15:16:27] INFO: GameServer: Telnet server is currently disabled.
[06.06.18 15:16:54] INFO: TopListsUpdater: Data reloaded in 12 ms.
[06.06.18 15:21:07] INFO: Event Engine: Loaded 84 buffs for Event Buffer.
[06.06.18 15:23:33] WARN: Master access level set for character Hardeath
[06.06.18 15:24:42] INFO: GlobalVariablesManager: Stored 5 variables.
[06.06.18 15:26:24] INFO: Event Engine: Trying to find an event to be started:
[06.06.18 15:46:22] INFO: SevenSigns: Data updated successfully.
[06.06.18 15:46:24] INFO: Event Engine: Global statistics reloaded.
[06.06.18 15:46:54] INFO: TopListsUpdater: Data reloaded in 7 ms.
[06.06.18 15:54:42] INFO: GlobalVariablesManager: Stored 5 variables.
[06.06.18 15:56:25] INFO: Event Engine: Registration phase ended.
[06.06.18 15:56:25] INFO: Event Engine: Not enought participants.
[06.06.18 15:56:25] INFO: Event Engine: Event TvT finished clearPlayers() for instance ID 0
[06.06.18 15:56:25] INFO: Event Engine: Next event in 20 minutes.
[06.06.18 16:00:00] INFO: DayNightSpawnManager: Removed 232 day creatures
[06.06.18 16:00:00] INFO: DayNightSpawnManager: Spawned 553 night creatures
[06.06.18 16:00:00] INFO: RaidBossSpawnManager: Spawning Night Raid Boss Eilhalder von Hellmann
[06.06.18 16:18:30] INFO: Network Config: ipconfig.xml doesn't exists using automatic configuration...
[06.06.18 16:18:31] INFO: Network Config: Adding new subnet: 127.0.0.0/8 address: 127.0.0.1
[06.06.18 16:18:31] INFO: Network Config: Adding new subnet: 192.168.50.0/24 address: 192.168.50.65
[06.06.18 16:18:31] INFO: Network Config: Adding new subnet: 0.0.0.0/0 address: 201.0.120.104
[06.06.18 16:18:31] INFO: Loaded 6 Filter Words.
[06.06.18 16:18:31] INFO: Sunrise Configs Loaded...
[06.06.18 16:18:31] INFO: Updated characters online status.
[06.06.18 16:18:31] INFO: Cleaned up invalid Weddings.
[06.06.18 16:18:31] INFO: Cleaned 0 elements from database in 0 s
[06.06.18 16:18:31] INFO: Cleaned 2 expired timestamps from database.
[06.06.18 16:18:31] INFO: BitSetIDFactory: 102912 id's available.
[06.06.18 16:18:31] INFO: -------------------------------------------------=[ Engines ]
[06.06.18 16:18:31] INFO: Script Engine: java 1.8 - Language: java - Language Version: 1.8
[06.06.18 16:18:35] INFO: Script Engine: jython 2.2.1 - Language: python - Language Version: 2.2.1
[06.06.18 16:18:35] INFO: Script Engine: Oracle Nashorn 1.8.0_171 - Language: ECMAScript - Language Version: ECMA - 262 Edition 5.1
[06.06.18 16:18:36] INFO: -------------------------------------------------=[ Geodata ]
[06.06.18 16:18:36] INFO: ---------------------------------------------------=[ World ]
[06.06.18 16:18:36] INFO: GameTimeController: Started.
[06.06.18 16:18:36] INFO: InstanceManager: Multiverse Instance created.
[06.06.18 16:18:36] INFO: InstanceManager: Universe Instance created.
[06.06.18 16:18:36] INFO: InstanceManager: Loaded 160 instance names.
[06.06.18 16:18:36] INFO: L2World: (128 by 136) World Region Grid set up.
[06.06.18 16:18:36] INFO: MapRegionManager: Loaded 57 map regions.
[06.06.18 16:18:36] INFO: GlobalVariablesManager: Loaded 5 variables.
[06.06.18 16:18:36] INFO: ----------------------------------------------------=[ Data ]
[06.06.18 16:18:36] INFO: CategoryData: Loaded 124 Categories.
[06.06.18 16:18:36] INFO: SecondaryAuthData: Loaded 328 forbidden passwords.
[06.06.18 16:18:36] INFO: -------------------------------------------------=[ Effects ]
