[06 jun 10:55:45] CREATE:ItemAuction, item 268437784:Feather Eye Blade(1)
[06 jun 10:55:45] CREATE:ItemAuction, item 268437785:High-Grade Life Stone - Level 80(1)
[06 jun 10:55:45] CREATE:ItemAuction, item 268437786:Pyseal Blade(1)
[06 jun 11:57:39] CREATE:ItemAuction, item 268437784:Feather Eye Blade(1)
[06 jun 11:57:39] CREATE:ItemAuction, item 268437785:High-Grade Life Stone - Level 80(1)
[06 jun 11:57:39] CREATE:ItemAuction, item 268437786:Pyseal Blade(1)
[06 jun 15:15:58] CREATE:ItemAuction, item 268437784:Feather Eye Blade(1)
[06 jun 15:15:58] CREATE:ItemAuction, item 268437785:High-Grade Life Stone - Level 80(1)
[06 jun 15:15:58] CREATE:ItemAuction, item 268437786:Pyseal Blade(1)
[06 jun 15:20:59] CREATE:Init, item 268481225:No Grade Beginner's Adventurer Support Pack(1), L2PcInstance:Hardeath[268481224]
[06 jun 15:20:59] CREATE:Init, item 268481226:D-Grade Mage Support Pack(1), L2PcInstance:Hardeath[268481224]
[06 jun 15:20:59] CREATE:Init, item 268481227:Beginner's Adventurer Reinforcement Pack(1), L2PcInstance:Hardeath[268481224]
[06 jun 15:20:59] CREATE:Init, item 268481228:Apprentice's Wand(1), L2PcInstance:Hardeath[268481224]
[06 jun 15:20:59] CREATE:Init, item 268481229:Apprentice's Tunic(1), L2PcInstance:Hardeath[268481224]
[06 jun 15:20:59] CREATE:Init, item 268481230:Apprentice's Stockings(1), L2PcInstance:Hardeath[268481224]
[06 jun 15:20:59] CREATE:Init, item 268481231:Tutorial Guide(1), L2PcInstance:Hardeath[268481224]
[06 jun 15:20:59] CREATE:Init, item 268481232:Adventurer's Scroll of Escape(5), L2PcInstance:Hardeath[268481224]
[06 jun 15:20:59] CREATE:Init, item 268481233:Kamael Village Teleportation Scroll(10), L2PcInstance:Hardeath[268481224]
[06 jun 15:23:44] CREATE:Loot, item 268481265:Adena(8), L2PcInstance:Hardeath[268481224], L2MonsterInstance:Gremlin(18342)[268455587]
[06 jun 15:23:49] CREATE:Loot, item 268481267:Adena(8), L2PcInstance:Hardeath[268481224], L2MonsterInstance:Gremlin(18342)[268455580]
[06 jun 15:23:51] SETOWNER:Pickup, item 268481265:Adena(8), L2PcInstance:Hardeath[268481224]
[06 jun 15:23:58] CREATE:Loot, item 268481268:Adena(7), L2PcInstance:Hardeath[268481224], L2MonsterInstance:Gremlin(18342)[268455578]
[06 jun 15:24:00] CHANGE:Pickup, item 268481265:Adena(15), PrevCount(8), L2PcInstance:Hardeath[268481224]
[06 jun 15:24:00] DELETE:Pickup, item 268481268:Adena(0), PrevCount(7), L2PcInstance:Hardeath[268481224]
[06 jun 15:24:11] CREATE:Loot, item 268481271:Adena(8), L2PcInstance:Hardeath[268481224], L2MonsterInstance:Gremlin(18342)[268455581]
[06 jun 15:24:13] CHANGE:Pickup, item 268481265:Adena(23), PrevCount(15), L2PcInstance:Hardeath[268481224]
[06 jun 15:24:13] DELETE:Pickup, item 268481271:Adena(0), PrevCount(8), L2PcInstance:Hardeath[268481224]
[06 jun 15:25:09] DELETE:Extract, item 268481227:Beginner's Adventurer Reinforcement Pack(0), PrevCount(1), L2PcInstance:Hardeath[268481224], L2PcInstance:Hardeath[268481224]
[06 jun 15:25:09] CREATE:Extract, item 268481284:Afro Hair - Big Head, Firework - 7-day limited period(1), L2PcInstance:Hardeath[268481224], L2PcInstance:Hardeath[268481224]
[06 jun 15:25:09] CREATE:Extract, item 268481285:Rune of Experience Points 50% 7-Day Pack(1), L2PcInstance:Hardeath[268481224], L2PcInstance:Hardeath[268481224]
[06 jun 15:25:09] CREATE:Extract, item 268481286:Rune of SP 50% 7-Day Pack(1), L2PcInstance:Hardeath[268481224], L2PcInstance:Hardeath[268481224]
[06 jun 15:25:12] DELETE:Extract, item 268481226:D-Grade Mage Support Pack(0), PrevCount(1), L2PcInstance:Hardeath[268481224], L2PcInstance:Hardeath[268481224]
[06 jun 15:25:12] CREATE:Extract, item 268481287:Common Item - Ghost Staff(1), L2PcInstance:Hardeath[268481224], L2PcInstance:Hardeath[268481224]
[06 jun 15:25:12] CREATE:Extract, item 268481288:Common Item - Mithril Tunic(1), L2PcInstance:Hardeath[268481224], L2PcInstance:Hardeath[268481224]
[06 jun 15:25:12] CREATE:Extract, item 268481289:Common Item - Mithril Stockings(1), L2PcInstance:Hardeath[268481224], L2PcInstance:Hardeath[268481224]
[06 jun 15:25:12] CREATE:Extract, item 268481290:Common Item - Salamander Skin Boots(1), L2PcInstance:Hardeath[268481224], L2PcInstance:Hardeath[268481224]
[06 jun 15:25:12] CREATE:Extract, item 268481291:Common Item - Ogre Power Gauntlet(1), L2PcInstance:Hardeath[268481224], L2PcInstance:Hardeath[268481224]
[06 jun 15:25:12] CREATE:Extract, item 268481292:Common Item - Plate Helmet(1), L2PcInstance:Hardeath[268481224], L2PcInstance:Hardeath[268481224]
[06 jun 15:25:14] DELETE:Extract, item 268481225:No Grade Beginner's Adventurer Support Pack(0), PrevCount(1), L2PcInstance:Hardeath[268481224], L2PcInstance:Hardeath[268481224]
[06 jun 15:25:14] CREATE:Extract, item 268481293:Shadow Item: Falchion(1), L2PcInstance:Hardeath[268481224], L2PcInstance:Hardeath[268481224]
[06 jun 15:25:14] CREATE:Extract, item 268481294:Shadow Item: Mage Staff(1), L2PcInstance:Hardeath[268481224], L2PcInstance:Hardeath[268481224]
[06 jun 15:25:14] CREATE:Extract, item 268481295:Shadow Item: Bronze Breastplate(1), L2PcInstance:Hardeath[268481224], L2PcInstance:Hardeath[268481224]
[06 jun 15:25:14] CREATE:Extract, item 268481296:Shadow Item: Bronze Gaiters(1), L2PcInstance:Hardeath[268481224], L2PcInstance:Hardeath[268481224]
[06 jun 15:25:14] CREATE:Extract, item 268481297:Shadow Item: Hard Leather Shirt(1), L2PcInstance:Hardeath[268481224], L2PcInstance:Hardeath[268481224]
[06 jun 15:25:14] CREATE:Extract, item 268481298:Shadow Item: Hard Leather Gaiters(1), L2PcInstance:Hardeath[268481224], L2PcInstance:Hardeath[268481224]
[06 jun 15:25:14] CREATE:Extract, item 268481299:Shadow Item: Tunic of Magic(1), L2PcInstance:Hardeath[268481224], L2PcInstance:Hardeath[268481224]
[06 jun 15:25:14] CREATE:Extract, item 268481300:Shadow Item: Stockings of Magic(1), L2PcInstance:Hardeath[268481224], L2PcInstance:Hardeath[268481224]
[06 jun 15:25:14] CREATE:Extract, item 268481301:Sweet Fruit Cocktail(3), L2PcInstance:Hardeath[268481224], L2PcInstance:Hardeath[268481224]
[06 jun 15:25:15] CREATE:Extract, item 268481302:Fresh Fruit Cocktail(3), L2PcInstance:Hardeath[268481224], L2PcInstance:Hardeath[268481224]
[06 jun 15:26:58] CHANGE:Consume, item 268481301:Sweet Fruit Cocktail(2), PrevCount(3), L2PcInstance:Hardeath[268481224], L2PcInstance:Hardeath[268481224]
[06 jun 15:27:02] CHANGE:Consume, item 268481302:Fresh Fruit Cocktail(2), PrevCount(3), L2PcInstance:Hardeath[268481224], L2PcInstance:Hardeath[268481224]
[06 jun 15:37:35] DELETE:Extract, item 268481286:Rune of SP 50% 7-Day Pack(0), PrevCount(1), L2PcInstance:Hardeath[268481224], L2PcInstance:Hardeath[268481224]
[06 jun 15:37:35] CREATE:Extract, item 268481410:Rune of SP 50% - 7-day limited period(1), L2PcInstance:Hardeath[268481224], L2PcInstance:Hardeath[268481224]
[06 jun 15:37:36] DELETE:Extract, item 268481285:Rune of Experience Points 50% 7-Day Pack(0), PrevCount(1), L2PcInstance:Hardeath[268481224], L2PcInstance:Hardeath[268481224]
[06 jun 15:37:36] CREATE:Extract, item 268481411:Rune of Experience Points 50% - 7-day limited period(1), L2PcInstance:Hardeath[268481224], L2PcInstance:Hardeath[268481224]
